#
# A fatal error has been detected by the Java Runtime Environment:
#
#  SIGSEGV (0xb) at pc=0x00007f55795e751f, pid=7145, tid=140005573576448
#
# JRE version: Java(TM) SE Runtime Environment (8.0_66-b17) (build 1.8.0_66-b17)
# Java VM: Java HotSpot(TM) 64-Bit Server VM (25.66-b17 mixed mode linux-amd64 compressed oops)
# Problematic frame:
# C  [nouveau_dri.so+0x29a51f]
#
# Failed to write core dump. Core dumps have been disabled. To enable core dumping, try "ulimit -c unlimited" before starting Java again
#
# If you would like to submit a bug report, please visit:
#   http://bugreport.java.com/bugreport/crash.jsp
# The crash happened outside the Java Virtual Machine in native code.
# See problematic frame for where to report the bug.
#

---------------  T H R E A D  ---------------

Current thread (0x00007f5588003000):  JavaThread "AWT-EventQueue-1" [_thread_in_native, id=7172, stack(0x00007f55966ac000,0x00007f55967ad000)]

siginfo: si_signo: 11 (SIGSEGV), si_code: 1 (SEGV_MAPERR), si_addr: 0x000000000000c030

Registers:
RAX=0x00007f55795e74b0, RBX=0x00007f557c0b0390, RCX=0x0000000000000000, RDX=0x0000000000000001
RSP=0x00007f55967aa5f0, RBP=0x000000000000c000, RSI=0x00007f557c0b0c20, RDI=0x0000000100000000
R8 =0x0000000000000000, R9 =0x00007f559534c9c0, R10=0x00007f55c10134a8, R11=0x00007f55d69c4fe0
R12=0x0000000000000001, R13=0x0000000000000000, R14=0x0000000000000000, R15=0x0000000000000000
RIP=0x00007f55795e751f, EFLAGS=0x0000000000010202, CSGSFS=0x0000000000000033, ERR=0x0000000000000004
  TRAPNO=0x000000000000000e

Top of Stack: (sp=0x00007f55967aa5f0)
0x00007f55967aa5f0:   00007f55967aa638 00007f55c0b96ad8
0x00007f55967aa600:   0000000000000000 00007f557c0b0270
0x00007f55967aa610:   00007f5588172740 00007f5588172290
0x00007f55967aa620:   0000000000000000 00007f55881728f0
0x00007f55967aa630:   0000000000000000 00007f559534ca4e
0x00007f55967aa640:   00007f55967aa678 00007f5595597640
0x00007f55967aa650:   00007f5588175f00 00007f5500000000
0x00007f55967aa660:   0000000000000000 0000000000000000
0x00007f55967aa670:   0000000000000000 00007f557c0b0270
0x00007f55967aa680:   000000000400004b 00007f55955d6350
0x00007f55967aa690:   00007f55967aa700 0000000000000000
0x00007f55967aa6a0:   00007f55955d6350 00007f55967aa7c8
0x00007f55967aa6b0:   00007f5588003000 00007f55839d8849
0x00007f55967aa6c0:   00007f55956f4240 00007f55953259b0
0x00007f55967aa6d0:   000000000400004b 00007f5588175f00
0x00007f55967aa6e0:   00007f55967aa790 00007f55880031f8
0x00007f55967aa6f0:   00007f55c10074a0 00007f55953259b0
0x00007f55967aa700:   00007f55967aa780 00007f55c10134d4
0x00007f55967aa710:   00007f55956b3bf4 00007f55967aa768
0x00007f55967aa720:   00007f55956b6128 0000000000000000
0x00007f55967aa730:   00007f55956b3c30 0000000000000000
0x00007f55967aa740:   00007f55967aa740 0000000000000000
0x00007f55967aa750:   00007f55967aa7c8 00007f55955d79f0
0x00007f55967aa760:   0000000000000000 00007f55955d6350
0x00007f55967aa770:   0000000000000000 00007f55967aa7a0
0x00007f55967aa780:   00007f55967aa810 00007f55c100798d
0x00007f55967aa790:   00000000d19e5450 00007f55c100f2b8
0x00007f55967aa7a0:   00007f55953259b0 00007f55c101ec03
0x00007f55967aa7b0:   000000000400004b 00007f5500000000
0x00007f55967aa7c0:   00007f5588175f00 00000000d19e5788
0x00007f55967aa7d0:   00007f55967aa7d0 00007f55955d62a1
0x00007f55967aa7e0:   00007f55967aa848 00007f55955d79f0 

Instructions: (pc=0x00007f55795e751f)
0x00007f55795e74ff:   00 00 01 45 31 f6 41 f6 c4 01 0f 84 83 00 00 00
0x00007f55795e750f:   48 8b b3 10 01 00 00 48 85 f6 74 77 83 7b 38 01
0x00007f55795e751f:   48 8b 45 30 4c 8b 78 18 7e 31 45 85 ed 75 2c 48
0x00007f55795e752f:   8b 93 48 01 00 00 4c 89 ff e8 e3 fe ff ff 48 83 

Register to memory mapping:

RAX=0x00007f55795e74b0: <offset 0x29a4b0> in /usr/lib/x86_64-linux-gnu/dri/nouveau_dri.so at 0x00007f557934d000
RBX=0x00007f557c0b0390 is an unknown value
RCX=0x0000000000000000 is an unknown value
RDX=0x0000000000000001 is an unknown value
RSP=0x00007f55967aa5f0 is pointing into the stack for thread: 0x00007f5588003000
RBP=0x000000000000c000 is an unknown value
RSI=0x00007f557c0b0c20 is an unknown value
RDI=0x0000000100000000 is pointing into metadata
R8 =0x0000000000000000 is an unknown value
R9 =0x00007f559534c9c0: <offset 0x439c0> in /usr/lib/x86_64-linux-gnu/mesa/libGL.so.1 at 0x00007f5595309000
R10=0x00007f55c10134a8 is at code_begin+808 in an Interpreter codelet
method entry point (kind = native)  [0x00007f55c1013180, 0x00007f55c1013a80]  2304 bytes
R11=0x00007f55d69c4fe0: <offset 0x9b8fe0> in /usr/lib/jvm/java-8-oracle/jre/lib/amd64/server/libjvm.so at 0x00007f55d600c000
R12=0x0000000000000001 is an unknown value
R13=0x0000000000000000 is an unknown value
R14=0x0000000000000000 is an unknown value
R15=0x0000000000000000 is an unknown value


Stack: [0x00007f55966ac000,0x00007f55967ad000],  sp=0x00007f55967aa5f0,  free space=1017k
Native frames: (J=compiled Java code, j=interpreted, Vv=VM code, C=native code)
C  [nouveau_dri.so+0x29a51f]

Java frames: (J=compiled Java code, j=interpreted, Vv=VM code)
j  jogamp.opengl.x11.glx.GLX.dispatch_glXSwapBuffers0(JJJ)V+0
j  jogamp.opengl.x11.glx.GLX.glXSwapBuffers(JJ)V+41
j  jogamp.opengl.x11.glx.X11GLXDrawable.swapBuffersImpl(Z)V+17
j  jogamp.opengl.GLDrawableImpl.swapBuffers()V+67
j  javax.media.opengl.awt.GLCanvas$12.run()V+45
J 2913 C1 java.awt.event.InvocationEvent.dispatch()V (69 bytes) @ 0x00007f55c187d48c [0x00007f55c187d340+0x14c]
J 3013 C1 java.awt.EventQueue.dispatchEventImpl(Ljava/awt/AWTEvent;Ljava/lang/Object;)V (149 bytes) @ 0x00007f55c18aa03c [0x00007f55c18a84c0+0x1b7c]
J 3011 C1 java.awt.EventQueue$3.run()Ljava/lang/Void; (60 bytes) @ 0x00007f55c18a4804 [0x00007f55c18a4600+0x204]
J 2743 C1 java.awt.EventQueue$3.run()Ljava/lang/Object; (5 bytes) @ 0x00007f55c147d60c [0x00007f55c147d580+0x8c]
v  ~StubRoutines::call_stub
J 493  java.security.AccessController.doPrivileged(Ljava/security/PrivilegedAction;Ljava/security/AccessControlContext;)Ljava/lang/Object; (0 bytes) @ 0x00007f55c1226023 [0x00007f55c1225fc0+0x63]
J 2739 C1 java.awt.EventQueue.dispatchEvent(Ljava/awt/AWTEvent;)V (80 bytes) @ 0x00007f55c180c404 [0x00007f55c180ba80+0x984]
J 2754 C1 java.awt.EventDispatchThread.pumpOneEventForFilters(I)V (295 bytes) @ 0x00007f55c1811614 [0x00007f55c180fac0+0x1b54]
j  java.awt.EventDispatchThread.pumpEventsForFilter(ILjava/awt/Conditional;Ljava/awt/EventFilter;)V+35
j  java.awt.EventDispatchThread.pumpEventsForHierarchy(ILjava/awt/Conditional;Ljava/awt/Component;)V+11
j  java.awt.EventDispatchThread.pumpEvents(ILjava/awt/Conditional;)V+4
j  java.awt.EventDispatchThread.pumpEvents(Ljava/awt/Conditional;)V+3
j  java.awt.EventDispatchThread.run()V+9
v  ~StubRoutines::call_stub

---------------  P R O C E S S  ---------------

Java Threads: ( => current thread )
  0x00007f557c8bc800 JavaThread "Thread-131" [_thread_blocked, id=7342, stack(0x00007f5578db7000,0x00007f5578eb8000)]
  0x00007f5588115800 JavaThread "Animation Thread-SharedResourceRunner" daemon [_thread_blocked, id=7182, stack(0x00007f55963ab000,0x00007f55964ac000)]
  0x00007f55880ab800 JavaThread "process reaper" daemon [_thread_blocked, id=7177, stack(0x00007f55c0080000,0x00007f55c00b9000)]
=>0x00007f5588003000 JavaThread "AWT-EventQueue-1" [_thread_in_native, id=7172, stack(0x00007f55966ac000,0x00007f55967ad000)]
  0x00007f55d000a800 JavaThread "DestroyJavaVM" [_thread_blocked, id=7150, stack(0x00007f55d7aeb000,0x00007f55d7bec000)]
  0x00007f55d02ec800 JavaThread "AWT-EventQueue-0" [_thread_blocked, id=7167, stack(0x00007f5597156000,0x00007f5597257000)]
  0x00007f55d02e8000 JavaThread "AWT-Shutdown" [_thread_blocked, id=7166, stack(0x00007f5597257000,0x00007f5597358000)]
  0x00007f55d02d4800 JavaThread "thread applet-main.AirportMap.class" [_thread_blocked, id=7165, stack(0x00007f5597358000,0x00007f5597459000)]
  0x00007f55d02c8000 JavaThread "AWT-XAWT" daemon [_thread_blocked, id=7163, stack(0x00007f5597459000,0x00007f559755a000)]
  0x00007f55d02a3800 JavaThread "Java2D Disposer" daemon [_thread_blocked, id=7162, stack(0x00007f55b80d5000,0x00007f55b81d6000)]
  0x00007f55d00bc800 JavaThread "Service Thread" daemon [_thread_blocked, id=7159, stack(0x00007f55b978c000,0x00007f55b988d000)]
  0x00007f55d00b8000 JavaThread "C1 CompilerThread1" daemon [_thread_blocked, id=7158, stack(0x00007f55b988d000,0x00007f55b998e000)]
  0x00007f55d00b5000 JavaThread "C2 CompilerThread0" daemon [_thread_blocked, id=7157, stack(0x00007f55b998e000,0x00007f55b9a8f000)]
  0x00007f55d00b3800 JavaThread "Signal Dispatcher" daemon [_thread_blocked, id=7156, stack(0x00007f55b9a8f000,0x00007f55b9b90000)]
  0x00007f55d007b800 JavaThread "Finalizer" daemon [_thread_blocked, id=7155, stack(0x00007f55ba36b000,0x00007f55ba46c000)]
  0x00007f55d0079800 JavaThread "Reference Handler" daemon [_thread_blocked, id=7154, stack(0x00007f55ba46c000,0x00007f55ba56d000)]

Other Threads:
  0x00007f55d0074000 VMThread [stack: 0x00007f55ba56d000,0x00007f55ba66e000] [id=7153]
  0x00007f55d00bf800 WatcherThread [stack: 0x00007f55b968b000,0x00007f55b978c000] [id=7160]

VM state:not at safepoint (normal execution)

VM Mutex/Monitor currently owned by a thread: None

Heap:
 PSYoungGen      total 193024K, used 145736K [0x00000000f0500000, 0x00000000fe600000, 0x0000000100000000)
  eden space 158720K, 91% used [0x00000000f0500000,0x00000000f933a0d8,0x00000000fa000000)
  from space 34304K, 0% used [0x00000000fa000000,0x00000000fa018000,0x00000000fc180000)
  to   space 34304K, 0% used [0x00000000fc480000,0x00000000fc480000,0x00000000fe600000)
 ParOldGen       total 128000K, used 84164K [0x00000000d0e00000, 0x00000000d8b00000, 0x00000000f0500000)
  object space 128000K, 65% used [0x00000000d0e00000,0x00000000d6031010,0x00000000d8b00000)
 Metaspace       used 20330K, capacity 20557K, committed 20992K, reserved 1069056K
  class space    used 1894K, capacity 1958K, committed 2048K, reserved 1048576K

Card table byte_map: [0x00007f55d4732000,0x00007f55d48ac000] byte_map_base: 0x00007f55d40ab000

Marking Bits: (ParMarkBitMap*) 0x00007f55d6fbb020
 Begin Bits: [0x00007f55ba870000, 0x00007f55bb438000)
 End Bits:   [0x00007f55bb438000, 0x00007f55bc000000)

Polling page: 0x00007f55d7c02000

CodeCache: size=245760Kb used=8856Kb max_used=8856Kb free=236903Kb
 bounds [0x00007f55c1000000, 0x00007f55c18c0000, 0x00007f55d0000000]
 total_blobs=3579 nmethods=2606 adapters=888
 compilation: enabled

Compilation events (10 events):
Event: 56.134 Thread 0x00007f55d00b5000 3014       4       processing.opengl.PShader::setCommonUniforms (225 bytes)
Event: 56.178 Thread 0x00007f55d00b5000 nmethod 3014 0x00007f55c18aef90 code [0x00007f55c18af2a0, 0x00007f55c18b0780]
Event: 56.178 Thread 0x00007f55d00b5000 3015       4       processing.opengl.PShader::draw (42 bytes)
Event: 56.198 Thread 0x00007f55d00b5000 nmethod 3015 0x00007f55c18ab910 code [0x00007f55c18abc20, 0x00007f55c18ac7d0]
Event: 56.629 Thread 0x00007f55d00b8000 3016   !   3       sun.java2d.SunGraphics2D::validateCompClip (224 bytes)
Event: 56.631 Thread 0x00007f55d00b8000 nmethod 3016 0x00007f55c18b28d0 code [0x00007f55c18b2c00, 0x00007f55c18b4b68]
Event: 56.744 Thread 0x00007f55d00b8000 3017       3       java.awt.EventQueue$4::run (5 bytes)
Event: 56.744 Thread 0x00007f55d00b8000 nmethod 3017 0x00007f55c18ae250 code [0x00007f55c18ae440, 0x00007f55c18aeaf8]
Event: 56.744 Thread 0x00007f55d00b8000 3018       3       java.awt.EventQueue$4::run (19 bytes)
Event: 56.745 Thread 0x00007f55d00b8000 nmethod 3018 0x00007f55c18b5750 code [0x00007f55c18b5940, 0x00007f55c18b5f78]

GC Heap History (10 events):
Event: 52.978 GC heap before
{Heap before GC invocations=46 (full 2):
 PSYoungGen      total 188928K, used 160384K [0x00000000f0500000, 0x00000000fe380000, 0x0000000100000000)
  eden space 152576K, 100% used [0x00000000f0500000,0x00000000f9a00000,0x00000000f9a00000)
  from space 36352K, 21% used [0x00000000f9a00000,0x00000000fa1a01e0,0x00000000fbd80000)
  to   space 35840K, 0% used [0x00000000fc080000,0x00000000fc080000,0x00000000fe380000)
 ParOldGen       total 88576K, used 78184K [0x00000000d0e00000, 0x00000000d6480000, 0x00000000f0500000)
  object space 88576K, 88% used [0x00000000d0e00000,0x00000000d5a5a1e8,0x00000000d6480000)
 Metaspace       used 20297K, capacity 20493K, committed 20992K, reserved 1069056K
  class space    used 1892K, capacity 1958K, committed 2048K, reserved 1048576K
Event: 52.986 GC heap after
Heap after GC invocations=46 (full 2):
 PSYoungGen      total 189952K, used 7808K [0x00000000f0500000, 0x00000000fe200000, 0x0000000100000000)
  eden space 155648K, 0% used [0x00000000f0500000,0x00000000f0500000,0x00000000f9d00000)
  from space 34304K, 22% used [0x00000000fc080000,0x00000000fc8201e0,0x00000000fe200000)
  to   space 35328K, 0% used [0x00000000f9d00000,0x00000000f9d00000,0x00000000fbf80000)
 ParOldGen       total 88576K, used 78184K [0x00000000d0e00000, 0x00000000d6480000, 0x00000000f0500000)
  object space 88576K, 88% used [0x00000000d0e00000,0x00000000d5a5a1e8,0x00000000d6480000)
 Metaspace       used 20297K, capacity 20493K, committed 20992K, reserved 1069056K
  class space    used 1892K, capacity 1958K, committed 2048K, reserved 1048576K
}
Event: 53.833 GC heap before
{Heap before GC invocations=47 (full 2):
 PSYoungGen      total 189952K, used 163456K [0x00000000f0500000, 0x00000000fe200000, 0x0000000100000000)
  eden space 155648K, 100% used [0x00000000f0500000,0x00000000f9d00000,0x00000000f9d00000)
  from space 34304K, 22% used [0x00000000fc080000,0x00000000fc8201e0,0x00000000fe200000)
  to   space 35328K, 0% used [0x00000000f9d00000,0x00000000f9d00000,0x00000000fbf80000)
 ParOldGen       total 88576K, used 78184K [0x00000000d0e00000, 0x00000000d6480000, 0x00000000f0500000)
  object space 88576K, 88% used [0x00000000d0e00000,0x00000000d5a5a1e8,0x00000000d6480000)
 Metaspace       used 20299K, capacity 20493K, committed 20992K, reserved 1069056K
  class space    used 1892K, capacity 1958K, committed 2048K, reserved 1048576K
Event: 53.839 GC heap after
Heap after GC invocations=47 (full 2):
 PSYoungGen      total 190976K, used 6752K [0x00000000f0500000, 0x00000000fe300000, 0x0000000100000000)
  eden space 155648K, 0% used [0x00000000f0500000,0x00000000f0500000,0x00000000f9d00000)
  from space 35328K, 19% used [0x00000000f9d00000,0x00000000fa3981a0,0x00000000fbf80000)
  to   space 34304K, 0% used [0x00000000fc180000,0x00000000fc180000,0x00000000fe300000)
 ParOldGen       total 88576K, used 79224K [0x00000000d0e00000, 0x00000000d6480000, 0x00000000f0500000)
  object space 88576K, 89% used [0x00000000d0e00000,0x00000000d5b5e228,0x00000000d6480000)
 Metaspace       used 20299K, capacity 20493K, committed 20992K, reserved 1069056K
  class space    used 1892K, capacity 1958K, committed 2048K, reserved 1048576K
}
Event: 54.680 GC heap before
{Heap before GC invocations=48 (full 2):
 PSYoungGen      total 190976K, used 162400K [0x00000000f0500000, 0x00000000fe300000, 0x0000000100000000)
  eden space 155648K, 100% used [0x00000000f0500000,0x00000000f9d00000,0x00000000f9d00000)
  from space 35328K, 19% used [0x00000000f9d00000,0x00000000fa3981a0,0x00000000fbf80000)
  to   space 34304K, 0% used [0x00000000fc180000,0x00000000fc180000,0x00000000fe300000)
 ParOldGen       total 88576K, used 79224K [0x00000000d0e00000, 0x00000000d6480000, 0x00000000f0500000)
  object space 88576K, 89% used [0x00000000d0e00000,0x00000000d5b5e228,0x00000000d6480000)
 Metaspace       used 20304K, capacity 20493K, committed 20992K, reserved 1069056K
  class space    used 1892K, capacity 1958K, committed 2048K, reserved 1048576K
Event: 54.688 GC heap after
Heap after GC invocations=48 (full 2):
 PSYoungGen      total 193024K, used 1888K [0x00000000f0500000, 0x00000000fe300000, 0x0000000100000000)
  eden space 158720K, 0% used [0x00000000f0500000,0x00000000f0500000,0x00000000fa000000)
  from space 34304K, 5% used [0x00000000fc180000,0x00000000fc358070,0x00000000fe300000)
  to   space 34304K, 0% used [0x00000000fa000000,0x00000000fa000000,0x00000000fc180000)
 ParOldGen       total 88576K, used 84104K [0x00000000d0e00000, 0x00000000d6480000, 0x00000000f0500000)
  object space 88576K, 94% used [0x00000000d0e00000,0x00000000d6022358,0x00000000d6480000)
 Metaspace       used 20304K, capacity 20493K, committed 20992K, reserved 1069056K
  class space    used 1892K, capacity 1958K, committed 2048K, reserved 1048576K
}
Event: 54.688 GC heap before
{Heap before GC invocations=49 (full 3):
 PSYoungGen      total 193024K, used 1888K [0x00000000f0500000, 0x00000000fe300000, 0x0000000100000000)
  eden space 158720K, 0% used [0x00000000f0500000,0x00000000f0500000,0x00000000fa000000)
  from space 34304K, 5% used [0x00000000fc180000,0x00000000fc358070,0x00000000fe300000)
  to   space 34304K, 0% used [0x00000000fa000000,0x00000000fa000000,0x00000000fc180000)
 ParOldGen       total 88576K, used 84104K [0x00000000d0e00000, 0x00000000d6480000, 0x00000000f0500000)
  object space 88576K, 94% used [0x00000000d0e00000,0x00000000d6022358,0x00000000d6480000)
 Metaspace       used 20304K, capacity 20493K, committed 20992K, reserved 1069056K
  class space    used 1892K, capacity 1958K, committed 2048K, reserved 1048576K
Event: 55.033 GC heap after
Heap after GC invocations=49 (full 3):
 PSYoungGen      total 193024K, used 0K [0x00000000f0500000, 0x00000000fe300000, 0x0000000100000000)
  eden space 158720K, 0% used [0x00000000f0500000,0x00000000f0500000,0x00000000fa000000)
  from space 34304K, 0% used [0x00000000fc180000,0x00000000fc180000,0x00000000fe300000)
  to   space 34304K, 0% used [0x00000000fa000000,0x00000000fa000000,0x00000000fc180000)
 ParOldGen       total 128000K, used 84164K [0x00000000d0e00000, 0x00000000d8b00000, 0x00000000f0500000)
  object space 128000K, 65% used [0x00000000d0e00000,0x00000000d6031010,0x00000000d8b00000)
 Metaspace       used 20304K, capacity 20493K, committed 20992K, reserved 1069056K
  class space    used 1892K, capacity 1958K, committed 2048K, reserved 1048576K
}
Event: 55.876 GC heap before
{Heap before GC invocations=50 (full 3):
 PSYoungGen      total 193024K, used 158720K [0x00000000f0500000, 0x00000000fe300000, 0x0000000100000000)
  eden space 158720K, 100% used [0x00000000f0500000,0x00000000fa000000,0x00000000fa000000)
  from space 34304K, 0% used [0x00000000fc180000,0x00000000fc180000,0x00000000fe300000)
  to   space 34304K, 0% used [0x00000000fa000000,0x00000000fa000000,0x00000000fc180000)
 ParOldGen       total 128000K, used 84164K [0x00000000d0e00000, 0x00000000d8b00000, 0x00000000f0500000)
  object space 128000K, 65% used [0x00000000d0e00000,0x00000000d6031010,0x00000000d8b00000)
 Metaspace       used 20305K, capacity 20493K, committed 20992K, reserved 1069056K
  class space    used 1892K, capacity 1958K, committed 2048K, reserved 1048576K
Event: 55.877 GC heap after
Heap after GC invocations=50 (full 3):
 PSYoungGen      total 193024K, used 96K [0x00000000f0500000, 0x00000000fe600000, 0x0000000100000000)
  eden space 158720K, 0% used [0x00000000f0500000,0x00000000f0500000,0x00000000fa000000)
  from space 34304K, 0% used [0x00000000fa000000,0x00000000fa018000,0x00000000fc180000)
  to   space 34304K, 0% used [0x00000000fc480000,0x00000000fc480000,0x00000000fe600000)
 ParOldGen       total 128000K, used 84164K [0x00000000d0e00000, 0x00000000d8b00000, 0x00000000f0500000)
  object space 128000K, 65% used [0x00000000d0e00000,0x00000000d6031010,0x00000000d8b00000)
 Metaspace       used 20305K, capacity 20493K, committed 20992K, reserved 1069056K
  class space    used 1892K, capacity 1958K, committed 2048K, reserved 1048576K
}

Deoptimization events (10 events):
Event: 35.226 Thread 0x00007f5588003000 Uncommon trap: reason=unstable_if action=reinterpret pc=0x00007f55c16714e8 method=main.CommonMarker.draw(Lprocessing/core/PGraphics;FF)V @ 4
Event: 35.226 Thread 0x00007f5588003000 Uncommon trap: reason=unstable_if action=reinterpret pc=0x00007f55c163dfd0 method=main.CommonMarker.draw(Lprocessing/core/PGraphics;FF)V @ 4
Event: 35.228 Thread 0x00007f5588003000 Uncommon trap: reason=unstable_if action=reinterpret pc=0x00007f55c164a27c method=main.CommonMarker.draw(Lprocessing/core/PGraphics;FF)V @ 4
Event: 39.247 Thread 0x00007f5588003000 Uncommon trap: reason=unstable_if action=reinterpret pc=0x00007f55c1728750 method=main.AirportMap.selectMarkerIfHover(Ljava/util/List;)V @ 53
Event: 46.274 Thread 0x00007f5588003000 Uncommon trap: reason=unstable_if action=reinterpret pc=0x00007f55c17e89fc method=main.AirportMap.showRoutes(Lde/fhpotsdam/unfolding/marker/Marker;)V @ 56
Event: 46.275 Thread 0x00007f5588003000 Uncommon trap: reason=unstable_if action=reinterpret pc=0x00007f55c176b0c4 method=main.AirportMap.showRoutes(Lde/fhpotsdam/unfolding/marker/Marker;)V @ 56
Event: 56.550 Thread 0x00007f5588003000 Uncommon trap: reason=class_check action=maybe_recompile pc=0x00007f55c14e8978 method=java.util.Arrays.copyOf([Ljava/lang/Object;ILjava/lang/Class;)[Ljava/lang/Object; @ 24
Event: 56.550 Thread 0x00007f5588003000 Uncommon trap: reason=class_check action=maybe_recompile pc=0x00007f55c14e8978 method=java.util.Arrays.copyOf([Ljava/lang/Object;ILjava/lang/Class;)[Ljava/lang/Object; @ 24
Event: 56.550 Thread 0x00007f5588003000 Uncommon trap: reason=class_check action=maybe_recompile pc=0x00007f55c14e8978 method=java.util.Arrays.copyOf([Ljava/lang/Object;ILjava/lang/Class;)[Ljava/lang/Object; @ 24
Event: 56.629 Thread 0x00007f55d02d4800 Uncommon trap: reason=unstable_if action=reinterpret pc=0x00007f55c18459bc method=java.awt.font.FontRenderContext.equals(Ljava/awt/font/FontRenderContext;)Z @ 2

Internal exceptions (10 events):
Event: 10.575 Thread 0x00007f5588003000 Exception <a 'java/lang/reflect/InvocationTargetException'> (0x00000000f26c73d8) thrown at [/HUDSON/workspace/8-2-build-linux-amd64/jdk8u66/4988/hotspot/src/share/vm/runtime/reflection.cpp, line 1092]
Event: 10.576 Thread 0x00007f5588003000 Exception <a 'java/lang/reflect/InvocationTargetException'> (0x00000000f26c7a30) thrown at [/HUDSON/workspace/8-2-build-linux-amd64/jdk8u66/4988/hotspot/src/share/vm/runtime/reflection.cpp, line 1092]
Event: 12.402 Thread 0x00007f5588003000 Exception <a 'java/lang/reflect/InvocationTargetException'> (0x00000000f237d978) thrown at [/HUDSON/workspace/8-2-build-linux-amd64/jdk8u66/4988/hotspot/src/share/vm/runtime/reflection.cpp, line 1092]
Event: 12.402 Thread 0x00007f5588003000 Exception <a 'java/lang/reflect/InvocationTargetException'> (0x00000000f237de40) thrown at [/HUDSON/workspace/8-2-build-linux-amd64/jdk8u66/4988/hotspot/src/share/vm/runtime/reflection.cpp, line 1092]
Event: 12.524 Thread 0x00007f5588003000 Exception <a 'java/lang/reflect/InvocationTargetException'> (0x00000000f0ec4868) thrown at [/HUDSON/workspace/8-2-build-linux-amd64/jdk8u66/4988/hotspot/src/share/vm/runtime/reflection.cpp, line 1092]
Event: 12.524 Thread 0x00007f5588003000 Exception <a 'java/lang/reflect/InvocationTargetException'> (0x00000000f0ec4d30) thrown at [/HUDSON/workspace/8-2-build-linux-amd64/jdk8u66/4988/hotspot/src/share/vm/runtime/reflection.cpp, line 1092]
Event: 12.628 Thread 0x00007f5588003000 Exception <a 'java/lang/reflect/InvocationTargetException'> (0x00000000f2406668) thrown at [/HUDSON/workspace/8-2-build-linux-amd64/jdk8u66/4988/hotspot/src/share/vm/runtime/reflection.cpp, line 1092]
Event: 12.628 Thread 0x00007f5588003000 Exception <a 'java/lang/reflect/InvocationTargetException'> (0x00000000f2406b50) thrown at [/HUDSON/workspace/8-2-build-linux-amd64/jdk8u66/4988/hotspot/src/share/vm/runtime/reflection.cpp, line 1092]
Event: 12.730 Thread 0x00007f5588003000 Exception <a 'java/lang/reflect/InvocationTargetException'> (0x00000000f3913de8) thrown at [/HUDSON/workspace/8-2-build-linux-amd64/jdk8u66/4988/hotspot/src/share/vm/runtime/reflection.cpp, line 1092]
Event: 12.779 Thread 0x00007f557c11b000 Implicit null exception at 0x00007f55c14dc564 to 0x00007f55c14df551

Events (10 events):
Event: 56.550 Thread 0x00007f5588003000 DEOPT PACKING pc=0x00007f55c14e8978 sp=0x00007f55967a96a0
Event: 56.550 Thread 0x00007f5588003000 DEOPT UNPACKING pc=0x00007f55c1004f69 sp=0x00007f55967a9660 mode 2
Event: 56.551 loading class java/awt/KeyboardFocusManager$2
Event: 56.587 loading class java/awt/KeyboardFocusManager$2 done
Event: 56.587 loading class sun/awt/SunToolkit$1
Event: 56.614 loading class sun/awt/SunToolkit$1 done
Event: 56.629 Thread 0x00007f55d02d4800 Uncommon trap: trap_request=0xffffff65 fr.pc=0x00007f55c18459bc
Event: 56.629 Thread 0x00007f55d02d4800 DEOPT PACKING pc=0x00007f55c18459bc sp=0x00007f5597457360
Event: 56.629 Thread 0x00007f55d02d4800 DEOPT UNPACKING pc=0x00007f55c1004f69 sp=0x00007f55974572b8 mode 2
Event: 56.743 Thread 0x00007f558800a800 Thread exited: 0x00007f558800a800


Dynamic libraries:
00400000-00401000 r-xp 00000000 08:16 799086                             /usr/lib/jvm/java-8-oracle/bin/java
00600000-00601000 rw-p 00000000 08:16 799086                             /usr/lib/jvm/java-8-oracle/bin/java
0139e000-01653000 rw-p 00000000 00:00 0                                  [heap]
d0e00000-d8b00000 rw-p 00000000 00:00 0 
d8b00000-f0500000 ---p 00000000 00:00 0 
f0500000-fe600000 rw-p 00000000 00:00 0 
fe600000-100000000 ---p 00000000 00:00 0 
100000000-100200000 rw-p 00000000 00:00 0 
100200000-140000000 ---p 00000000 00:00 0 
7f5576c69000-7f5576c89000 rw-s 142398000 00:05 1307                      /dev/dri/card0
7f5576cd6000-7f5576d56000 rw-p 00000000 00:00 0 
7f5576d56000-7f5576ed6000 ---p 00000000 00:00 0 
7f5576ed6000-7f5576f56000 rw-s 13d0c7000 00:05 1307                      /dev/dri/card0
7f5576f56000-7f5576f59000 ---p 00000000 00:00 0 
7f5576f59000-7f5577057000 rw-p 00000000 00:00 0 
7f5577057000-7f557705a000 ---p 00000000 00:00 0 
7f557705a000-7f5577158000 rw-p 00000000 00:00 0 
7f5577158000-7f5577258000 rw-s 140c18000 00:05 1307                      /dev/dri/card0
7f5577258000-7f5577458000 rw-s 140818000 00:05 1307                      /dev/dri/card0
7f5577458000-7f557746f000 r-xp 00000000 08:16 3018906                    /lib/x86_64-linux-gnu/libresolv-2.19.so
7f557746f000-7f557766f000 ---p 00017000 08:16 3018906                    /lib/x86_64-linux-gnu/libresolv-2.19.so
7f557766f000-7f5577670000 r--p 00017000 08:16 3018906                    /lib/x86_64-linux-gnu/libresolv-2.19.so
7f5577670000-7f5577671000 rw-p 00018000 08:16 3018906                    /lib/x86_64-linux-gnu/libresolv-2.19.so
7f5577671000-7f5577673000 rw-p 00000000 00:00 0 
7f55776ab000-7f557772b000 rw-s 13d047000 00:05 1307                      /dev/dri/card0
7f557772b000-7f5577730000 r-xp 00000000 08:16 3018853                    /lib/x86_64-linux-gnu/libnss_dns-2.19.so
7f5577730000-7f557792f000 ---p 00005000 08:16 3018853                    /lib/x86_64-linux-gnu/libnss_dns-2.19.so
7f557792f000-7f5577930000 r--p 00004000 08:16 3018853                    /lib/x86_64-linux-gnu/libnss_dns-2.19.so
7f5577930000-7f5577931000 rw-p 00005000 08:16 3018853                    /lib/x86_64-linux-gnu/libnss_dns-2.19.so
7f5577986000-7f5577a06000 rw-s 140a98000 00:05 1307                      /dev/dri/card0
7f5577a06000-7f5577a08000 r-xp 00000000 08:16 3018861                    /lib/x86_64-linux-gnu/libnss_mdns4_minimal.so.2
7f5577a08000-7f5577c07000 ---p 00002000 08:16 3018861                    /lib/x86_64-linux-gnu/libnss_mdns4_minimal.so.2
7f5577c07000-7f5577c08000 r--p 00001000 08:16 3018861                    /lib/x86_64-linux-gnu/libnss_mdns4_minimal.so.2
7f5577c08000-7f5577c09000 rw-p 00002000 08:16 3018861                    /lib/x86_64-linux-gnu/libnss_mdns4_minimal.so.2
7f5577c09000-7f5577c0c000 ---p 00000000 00:00 0 
7f5577c0c000-7f5577d0a000 rw-p 00000000 00:00 0 
7f5577d0a000-7f5577d0d000 ---p 00000000 00:00 0 
7f5577d0d000-7f5577e0b000 rw-p 00000000 00:00 0 
7f5577e0b000-7f5577e0e000 ---p 00000000 00:00 0 
7f5577e0e000-7f5577f0c000 rw-p 00000000 00:00 0 
7f5577f0c000-7f5577f0f000 ---p 00000000 00:00 0 
7f5577f0f000-7f55781e2000 rw-p 00000000 00:00 0 
7f55781e2000-7f5578be2000 rwxp 00000000 00:00 0 
7f5578be2000-7f5578db7000 rw-p 00000000 00:00 0 
7f5578db7000-7f5578dba000 ---p 00000000 00:00 0 
7f5578dba000-7f55790b8000 rw-p 00000000 00:00 0                          [stack:7342]
7f55790ce000-7f55790d1000 ---p 00000000 00:00 0 
7f55790d1000-7f55791cf000 rw-p 00000000 00:00 0 
7f55791ea000-7f55791eb000 rw-s 13fd21000 00:05 1307                      /dev/dri/card0
7f5579238000-7f557924c000 r--s 00000000 08:16 663112                     /var/cache/fontconfig/04aabc0a78ac019cf9454389977116d2-le64.cache-4
7f557924c000-7f557924f000 ---p 00000000 00:00 0 
7f557924f000-7f557934d000 rw-p 00000000 00:00 0 
7f557934d000-7f5579a93000 r-xp 00000000 08:16 660300                     /usr/lib/x86_64-linux-gnu/dri/nouveau_dri.so
7f5579a93000-7f5579c92000 ---p 00746000 08:16 660300                     /usr/lib/x86_64-linux-gnu/dri/nouveau_dri.so
7f5579c92000-7f5579ce5000 r--p 00745000 08:16 660300                     /usr/lib/x86_64-linux-gnu/dri/nouveau_dri.so
7f5579ce5000-7f5579cf1000 rw-p 00798000 08:16 660300                     /usr/lib/x86_64-linux-gnu/dri/nouveau_dri.so
7f5579cf1000-7f5579ed9000 rw-p 00000000 00:00 0 
7f5579ed9000-7f5579edb000 r-xp 00000000 08:16 533155                     /usr/lib/x86_64-linux-gnu/libXinerama.so.1.0.0
7f5579edb000-7f557a0da000 ---p 00002000 08:16 533155                     /usr/lib/x86_64-linux-gnu/libXinerama.so.1.0.0
7f557a0da000-7f557a0db000 r--p 00001000 08:16 533155                     /usr/lib/x86_64-linux-gnu/libXinerama.so.1.0.0
7f557a0db000-7f557a0dc000 rw-p 00002000 08:16 533155                     /usr/lib/x86_64-linux-gnu/libXinerama.so.1.0.0
7f557a0dc000-7f557a113000 r-xp 00000000 08:16 534030                     /usr/lib/x86_64-linux-gnu/libtxc_dxtn_s2tc.so.0.0.0
7f557a113000-7f557a312000 ---p 00037000 08:16 534030                     /usr/lib/x86_64-linux-gnu/libtxc_dxtn_s2tc.so.0.0.0
7f557a312000-7f557a313000 r--p 00036000 08:16 534030                     /usr/lib/x86_64-linux-gnu/libtxc_dxtn_s2tc.so.0.0.0
7f557a313000-7f557a314000 rw-p 00037000 08:16 534030                     /usr/lib/x86_64-linux-gnu/libtxc_dxtn_s2tc.so.0.0.0
7f557a314000-7f557be1c000 r-xp 00000000 08:16 533122                     /usr/lib/x86_64-linux-gnu/libLLVM-3.5.so.1
7f557be1c000-7f557be1d000 ---p 01b08000 08:16 533122                     /usr/lib/x86_64-linux-gnu/libLLVM-3.5.so.1
7f557be1d000-7f557bfe5000 r--p 01b08000 08:16 533122                     /usr/lib/x86_64-linux-gnu/libLLVM-3.5.so.1
7f557bfe5000-7f557bfeb000 rw-p 01cd0000 08:16 533122                     /usr/lib/x86_64-linux-gnu/libLLVM-3.5.so.1
7f557bfeb000-7f557c000000 rw-p 00000000 00:00 0 
7f557c000000-7f557cccd000 rw-p 00000000 00:00 0 
7f557cccd000-7f5580000000 ---p 00000000 00:00 0 
7f5580003000-7f558000e000 r--s 00000000 08:16 663140                     /var/cache/fontconfig/945677eb7aeaf62f1d50efc3fb3ec7d8-le64.cache-4
7f558000e000-7f558008e000 rw-s 13cfc7000 00:05 1307                      /dev/dri/card0
7f558008e000-7f55800d2000 r-xp 00000000 08:16 3018794                    /lib/x86_64-linux-gnu/libdbus-1.so.3.7.6
7f55800d2000-7f55802d1000 ---p 00044000 08:16 3018794                    /lib/x86_64-linux-gnu/libdbus-1.so.3.7.6
7f55802d1000-7f55802d2000 r--p 00043000 08:16 3018794                    /lib/x86_64-linux-gnu/libdbus-1.so.3.7.6
7f55802d2000-7f55802d3000 rw-p 00044000 08:16 3018794                    /lib/x86_64-linux-gnu/libdbus-1.so.3.7.6
7f55802d3000-7f55802db000 r-xp 00000000 08:16 3018842                    /lib/x86_64-linux-gnu/libnih-dbus.so.1.0.0
7f55802db000-7f55804db000 ---p 00008000 08:16 3018842                    /lib/x86_64-linux-gnu/libnih-dbus.so.1.0.0
7f55804db000-7f55804dc000 r--p 00008000 08:16 3018842                    /lib/x86_64-linux-gnu/libnih-dbus.so.1.0.0
7f55804dc000-7f55804dd000 rw-p 00009000 08:16 3018842                    /lib/x86_64-linux-gnu/libnih-dbus.so.1.0.0
7f55804dd000-7f55804f4000 r-xp 00000000 08:16 3018844                    /lib/x86_64-linux-gnu/libnih.so.1.0.0
7f55804f4000-7f55806f3000 ---p 00017000 08:16 3018844                    /lib/x86_64-linux-gnu/libnih.so.1.0.0
7f55806f3000-7f55806f4000 r--p 00016000 08:16 3018844                    /lib/x86_64-linux-gnu/libnih.so.1.0.0
7f55806f4000-7f55806f5000 rw-p 00017000 08:16 3018844                    /lib/x86_64-linux-gnu/libnih.so.1.0.0
7f55806f5000-7f558070e000 r-xp 00000000 08:16 3015649                    /lib/x86_64-linux-gnu/libcgmanager.so.0.0.0
7f558070e000-7f558090d000 ---p 00019000 08:16 3015649                    /lib/x86_64-linux-gnu/libcgmanager.so.0.0.0
7f558090d000-7f558090f000 r--p 00018000 08:16 3015649                    /lib/x86_64-linux-gnu/libcgmanager.so.0.0.0
7f558090f000-7f5580910000 rw-p 0001a000 08:16 3015649                    /lib/x86_64-linux-gnu/libcgmanager.so.0.0.0
7f5580910000-7f5580920000 r-xp 00000000 08:16 3018717                    /lib/x86_64-linux-gnu/libudev.so.1.3.5
7f5580920000-7f5580b1f000 ---p 00010000 08:16 3018717                    /lib/x86_64-linux-gnu/libudev.so.1.3.5
7f5580b1f000-7f5580b20000 r--p 0000f000 08:16 3018717                    /lib/x86_64-linux-gnu/libudev.so.1.3.5
7f5580b20000-7f5580b21000 rw-p 00010000 08:16 3018717                    /lib/x86_64-linux-gnu/libudev.so.1.3.5
7f5580b21000-7f5580b46000 r-xp 00000000 08:16 3018926                    /lib/x86_64-linux-gnu/libtinfo.so.5.9
7f5580b46000-7f5580d45000 ---p 00025000 08:16 3018926                    /lib/x86_64-linux-gnu/libtinfo.so.5.9
7f5580d45000-7f5580d49000 r--p 00024000 08:16 3018926                    /lib/x86_64-linux-gnu/libtinfo.so.5.9
7f5580d49000-7f5580d4a000 rw-p 00028000 08:16 3018926                    /lib/x86_64-linux-gnu/libtinfo.so.5.9
7f5580d4a000-7f5580d73000 r-xp 00000000 08:16 533366                     /usr/lib/x86_64-linux-gnu/libedit.so.2.0.47
7f5580d73000-7f5580f73000 ---p 00029000 08:16 533366                     /usr/lib/x86_64-linux-gnu/libedit.so.2.0.47
7f5580f73000-7f5580f75000 r--p 00029000 08:16 533366                     /usr/lib/x86_64-linux-gnu/libedit.so.2.0.47
7f5580f75000-7f5580f76000 rw-p 0002b000 08:16 533366                     /usr/lib/x86_64-linux-gnu/libedit.so.2.0.47
7f5580f76000-7f5580f7a000 rw-p 00000000 00:00 0 
7f5580f7a000-7f5580f92000 r-xp 00000000 08:16 3018942                    /lib/x86_64-linux-gnu/libz.so.1.2.8
7f5580f92000-7f5581191000 ---p 00018000 08:16 3018942                    /lib/x86_64-linux-gnu/libz.so.1.2.8
7f5581191000-7f5581192000 r--p 00017000 08:16 3018942                    /lib/x86_64-linux-gnu/libz.so.1.2.8
7f5581192000-7f5581193000 rw-p 00018000 08:16 3018942                    /lib/x86_64-linux-gnu/libz.so.1.2.8
7f5581193000-7f5581279000 r-xp 00000000 08:16 527907                     /usr/lib/x86_64-linux-gnu/libstdc++.so.6.0.19
7f5581279000-7f5581478000 ---p 000e6000 08:16 527907                     /usr/lib/x86_64-linux-gnu/libstdc++.so.6.0.19
7f5581478000-7f5581480000 r--p 000e5000 08:16 527907                     /usr/lib/x86_64-linux-gnu/libstdc++.so.6.0.19
7f5581480000-7f5581482000 rw-p 000ed000 08:16 527907                     /usr/lib/x86_64-linux-gnu/libstdc++.so.6.0.19
7f5581482000-7f5581497000 rw-p 00000000 00:00 0 
7f5581497000-7f55814a3000 r-xp 00000000 08:16 527487                     /usr/lib/x86_64-linux-gnu/libdrm_radeon.so.1.0.1
7f55814a3000-7f55816a2000 ---p 0000c000 08:16 527487                     /usr/lib/x86_64-linux-gnu/libdrm_radeon.so.1.0.1
7f55816a2000-7f55816a3000 r--p 0000b000 08:16 527487                     /usr/lib/x86_64-linux-gnu/libdrm_radeon.so.1.0.1
7f55816a3000-7f55816a4000 rw-p 0000c000 08:16 527487                     /usr/lib/x86_64-linux-gnu/libdrm_radeon.so.1.0.1
7f55816a4000-7f55816b9000 r-xp 00000000 08:16 533367                     /usr/lib/x86_64-linux-gnu/libelf-0.158.so
7f55816b9000-7f55818b8000 ---p 00015000 08:16 533367                     /usr/lib/x86_64-linux-gnu/libelf-0.158.so
7f55818b8000-7f55818b9000 r--p 00014000 08:16 533367                     /usr/lib/x86_64-linux-gnu/libelf-0.158.so
7f55818b9000-7f55818ba000 rw-p 00015000 08:16 533367                     /usr/lib/x86_64-linux-gnu/libelf-0.158.so
7f55818ba000-7f55818c0000 r-xp 00000000 08:16 527484                     /usr/lib/x86_64-linux-gnu/libdrm_nouveau.so.2.0.0
7f55818c0000-7f5581abf000 ---p 00006000 08:16 527484                     /usr/lib/x86_64-linux-gnu/libdrm_nouveau.so.2.0.0
7f5581abf000-7f5581ac0000 r--p 00005000 08:16 527484                     /usr/lib/x86_64-linux-gnu/libdrm_nouveau.so.2.0.0
7f5581ac0000-7f5581ac1000 rw-p 00006000 08:16 527484                     /usr/lib/x86_64-linux-gnu/libdrm_nouveau.so.2.0.0
7f5581ac1000-7f5581ac8000 r-xp 00000000 08:16 661214                     /usr/lib/x86_64-linux-gnu/mesa-egl/libOpenVG.so.1.0.0
7f5581ac8000-7f5581cc7000 ---p 00007000 08:16 661214                     /usr/lib/x86_64-linux-gnu/mesa-egl/libOpenVG.so.1.0.0
7f5581cc7000-7f5581cc8000 r--p 00006000 08:16 661214                     /usr/lib/x86_64-linux-gnu/mesa-egl/libOpenVG.so.1.0.0
7f5581cc8000-7f5581cc9000 rw-p 00007000 08:16 661214                     /usr/lib/x86_64-linux-gnu/mesa-egl/libOpenVG.so.1.0.0
7f5581cc9000-7f5581ccb000 rw-p 00000000 00:00 0 
7f5581ccb000-7f5582453000 r-xp 00000000 08:16 660309                     /usr/lib/x86_64-linux-gnu/egl/egl_gallium.so
7f5582453000-7f5582653000 ---p 00788000 08:16 660309                     /usr/lib/x86_64-linux-gnu/egl/egl_gallium.so
7f5582653000-7f55826a6000 r--p 00788000 08:16 660309                     /usr/lib/x86_64-linux-gnu/egl/egl_gallium.so
7f55826a6000-7f55826b2000 rw-p 007db000 08:16 660309                     /usr/lib/x86_64-linux-gnu/egl/egl_gallium.so
7f55826b2000-7f5582899000 rw-p 00000000 00:00 0 
7f5582899000-7f558289f000 r-xp 00000000 08:16 661212                     /usr/lib/x86_64-linux-gnu/mesa-egl/libGLESv2.so.2.0.0
7f558289f000-7f5582a9e000 ---p 00006000 08:16 661212                     /usr/lib/x86_64-linux-gnu/mesa-egl/libGLESv2.so.2.0.0
7f5582a9e000-7f5582a9f000 r--p 00005000 08:16 661212                     /usr/lib/x86_64-linux-gnu/mesa-egl/libGLESv2.so.2.0.0
7f5582a9f000-7f5582aa0000 rw-p 00006000 08:16 661212                     /usr/lib/x86_64-linux-gnu/mesa-egl/libGLESv2.so.2.0.0
7f5582aa0000-7f5582ae5000 r-xp 00000000 08:16 2752851                    /tmp/jogamp_0000/file_cache/jln7747064896183298163/jln1257906839953748732/libjogl_mobile.so
7f5582ae5000-7f5582ce5000 ---p 00045000 08:16 2752851                    /tmp/jogamp_0000/file_cache/jln7747064896183298163/jln1257906839953748732/libjogl_mobile.so
7f5582ce5000-7f5582ce6000 rw-p 00045000 08:16 2752851                    /tmp/jogamp_0000/file_cache/jln7747064896183298163/jln1257906839953748732/libjogl_mobile.so
7f5582ce6000-7f5582ced000 r-xp 00000000 08:16 527814                     /usr/lib/x86_64-linux-gnu/libffi.so.6.0.1
7f5582ced000-7f5582eec000 ---p 00007000 08:16 527814                     /usr/lib/x86_64-linux-gnu/libffi.so.6.0.1
7f5582eec000-7f5582eed000 r--p 00006000 08:16 527814                     /usr/lib/x86_64-linux-gnu/libffi.so.6.0.1
7f5582eed000-7f5582eee000 rw-p 00007000 08:16 527814                     /usr/lib/x86_64-linux-gnu/libffi.so.6.0.1
7f5582eee000-7f5582efa000 r-xp 00000000 08:16 533425                     /usr/lib/x86_64-linux-gnu/libgbm.so.1.0.0
7f5582efa000-7f55830fa000 ---p 0000c000 08:16 533425                     /usr/lib/x86_64-linux-gnu/libgbm.so.1.0.0
7f55830fa000-7f55830fb000 r--p 0000c000 08:16 533425                     /usr/lib/x86_64-linux-gnu/libgbm.so.1.0.0
7f55830fb000-7f55830fc000 rw-p 0000d000 08:16 533425                     /usr/lib/x86_64-linux-gnu/libgbm.so.1.0.0
7f55830fc000-7f558310b000 r-xp 00000000 08:16 534083                     /usr/lib/x86_64-linux-gnu/libwayland-server.so.0.1.0
7f558310b000-7f558330a000 ---p 0000f000 08:16 534083                     /usr/lib/x86_64-linux-gnu/libwayland-server.so.0.1.0
7f558330a000-7f558330c000 r--p 0000e000 08:16 534083                     /usr/lib/x86_64-linux-gnu/libwayland-server.so.0.1.0
7f558330c000-7f558330d000 rw-p 00010000 08:16 534083                     /usr/lib/x86_64-linux-gnu/libwayland-server.so.0.1.0
7f558330d000-7f5583318000 r-xp 00000000 08:16 534077                     /usr/lib/x86_64-linux-gnu/libwayland-client.so.0.3.0
7f5583318000-7f5583518000 ---p 0000b000 08:16 534077                     /usr/lib/x86_64-linux-gnu/libwayland-client.so.0.3.0
7f5583518000-7f558351a000 r--p 0000b000 08:16 534077                     /usr/lib/x86_64-linux-gnu/libwayland-client.so.0.3.0
7f558351a000-7f558351b000 rw-p 0000d000 08:16 534077                     /usr/lib/x86_64-linux-gnu/libwayland-client.so.0.3.0
7f558351b000-7f5583520000 r-xp 00000000 08:16 534122                     /usr/lib/x86_64-linux-gnu/libxcb-xfixes.so.0.0.0
7f5583520000-7f5583720000 ---p 00005000 08:16 534122                     /usr/lib/x86_64-linux-gnu/libxcb-xfixes.so.0.0.0
7f5583720000-7f5583721000 r--p 00005000 08:16 534122                     /usr/lib/x86_64-linux-gnu/libxcb-xfixes.so.0.0.0
7f5583721000-7f5583722000 rw-p 00006000 08:16 534122                     /usr/lib/x86_64-linux-gnu/libxcb-xfixes.so.0.0.0
7f5583722000-7f5583749000 r-xp 00000000 08:16 661208                     /usr/lib/x86_64-linux-gnu/mesa-egl/libEGL.so.1.0.0
7f5583749000-7f5583949000 ---p 00027000 08:16 661208                     /usr/lib/x86_64-linux-gnu/mesa-egl/libEGL.so.1.0.0
7f5583949000-7f558394a000 r--p 00027000 08:16 661208                     /usr/lib/x86_64-linux-gnu/mesa-egl/libEGL.so.1.0.0
7f558394a000-7f558394b000 rw-p 00028000 08:16 661208                     /usr/lib/x86_64-linux-gnu/mesa-egl/libEGL.so.1.0.0
7f558394b000-7f558394c000 rw-p 00000000 00:00 0 
7f558394c000-7f55839f1000 r-xp 00000000 08:16 2752850                    /tmp/jogamp_0000/file_cache/jln7747064896183298163/jln1257906839953748732/libjogl_desktop.so
7f55839f1000-7f5583bf1000 ---p 000a5000 08:16 2752850                    /tmp/jogamp_0000/file_cache/jln7747064896183298163/jln1257906839953748732/libjogl_desktop.so
7f5583bf1000-7f5583bf2000 rw-p 000a5000 08:16 2752850                    /tmp/jogamp_0000/file_cache/jln7747064896183298163/jln1257906839953748732/libjogl_desktop.so
7f5583bf2000-7f5583bfd000 r-xp 00000000 08:16 532630                     /usr/lib/x86_64-linux-gnu/libdrm.so.2.4.0
7f5583bfd000-7f5583dfc000 ---p 0000b000 08:16 532630                     /usr/lib/x86_64-linux-gnu/libdrm.so.2.4.0
7f5583dfc000-7f5583dfd000 r--p 0000a000 08:16 532630                     /usr/lib/x86_64-linux-gnu/libdrm.so.2.4.0
7f5583dfd000-7f5583dfe000 rw-p 0000b000 08:16 532630                     /usr/lib/x86_64-linux-gnu/libdrm.so.2.4.0
7f5583dfe000-7f5583dff000 r-xp 00000000 08:16 534132                     /usr/lib/x86_64-linux-gnu/libxshmfence.so.1.0.0
7f5583dff000-7f5583ffe000 ---p 00001000 08:16 534132                     /usr/lib/x86_64-linux-gnu/libxshmfence.so.1.0.0
7f5583ffe000-7f5583fff000 r--p 00000000 08:16 534132                     /usr/lib/x86_64-linux-gnu/libxshmfence.so.1.0.0
7f5583fff000-7f5584000000 rw-p 00001000 08:16 534132                     /usr/lib/x86_64-linux-gnu/libxshmfence.so.1.0.0
7f5584000000-7f558403a000 rw-p 00000000 00:00 0 
7f558403a000-7f5588000000 ---p 00000000 00:00 0 
7f5588000000-7f5588520000 rw-p 00000000 00:00 0 
7f5588520000-7f558c000000 ---p 00000000 00:00 0 
7f558c000000-7f558c15d000 rw-p 00000000 00:00 0 
7f558c15d000-7f5590000000 ---p 00000000 00:00 0 
7f5590000000-7f5590035000 rw-p 00000000 00:00 0 
7f5590035000-7f5594000000 ---p 00000000 00:00 0 
7f5594003000-7f5594009000 r--s 00000000 08:16 663122                     /var/cache/fontconfig/2cd17615ca594fa2959ae173292e504c-le64.cache-4
7f5594009000-7f5594089000 rw-s 13cf47000 00:05 1307                      /dev/dri/card0
7f5594089000-7f559408e000 r-xp 00000000 08:16 534118                     /usr/lib/x86_64-linux-gnu/libxcb-sync.so.1.0.0
7f559408e000-7f559428d000 ---p 00005000 08:16 534118                     /usr/lib/x86_64-linux-gnu/libxcb-sync.so.1.0.0
7f559428d000-7f559428e000 r--p 00004000 08:16 534118                     /usr/lib/x86_64-linux-gnu/libxcb-sync.so.1.0.0
7f559428e000-7f559428f000 rw-p 00005000 08:16 534118                     /usr/lib/x86_64-linux-gnu/libxcb-sync.so.1.0.0
7f559428f000-7f5594291000 r-xp 00000000 08:16 534110                     /usr/lib/x86_64-linux-gnu/libxcb-present.so.0.0.0
7f5594291000-7f5594490000 ---p 00002000 08:16 534110                     /usr/lib/x86_64-linux-gnu/libxcb-present.so.0.0.0
7f5594490000-7f5594491000 r--p 00001000 08:16 534110                     /usr/lib/x86_64-linux-gnu/libxcb-present.so.0.0.0
7f5594491000-7f5594492000 rw-p 00002000 08:16 534110                     /usr/lib/x86_64-linux-gnu/libxcb-present.so.0.0.0
7f5594492000-7f5594494000 r-xp 00000000 08:16 534106                     /usr/lib/x86_64-linux-gnu/libxcb-dri3.so.0.0.0
7f5594494000-7f5594693000 ---p 00002000 08:16 534106                     /usr/lib/x86_64-linux-gnu/libxcb-dri3.so.0.0.0
7f5594693000-7f5594694000 r--p 00001000 08:16 534106                     /usr/lib/x86_64-linux-gnu/libxcb-dri3.so.0.0.0
7f5594694000-7f5594695000 rw-p 00002000 08:16 534106                     /usr/lib/x86_64-linux-gnu/libxcb-dri3.so.0.0.0
7f5594695000-7f5594698000 r-xp 00000000 08:16 534104                     /usr/lib/x86_64-linux-gnu/libxcb-dri2.so.0.0.0
7f5594698000-7f5594898000 ---p 00003000 08:16 534104                     /usr/lib/x86_64-linux-gnu/libxcb-dri2.so.0.0.0
7f5594898000-7f5594899000 r--p 00003000 08:16 534104                     /usr/lib/x86_64-linux-gnu/libxcb-dri2.so.0.0.0
7f5594899000-7f559489a000 rw-p 00004000 08:16 534104                     /usr/lib/x86_64-linux-gnu/libxcb-dri2.so.0.0.0
7f559489a000-7f55948af000 r-xp 00000000 08:16 534108                     /usr/lib/x86_64-linux-gnu/libxcb-glx.so.0.0.0
7f55948af000-7f5594aae000 ---p 00015000 08:16 534108                     /usr/lib/x86_64-linux-gnu/libxcb-glx.so.0.0.0
7f5594aae000-7f5594ab0000 r--p 00014000 08:16 534108                     /usr/lib/x86_64-linux-gnu/libxcb-glx.so.0.0.0
7f5594ab0000-7f5594ab1000 rw-p 00016000 08:16 534108                     /usr/lib/x86_64-linux-gnu/libxcb-glx.so.0.0.0
7f5594ab1000-7f5594ab2000 r-xp 00000000 08:16 533126                     /usr/lib/x86_64-linux-gnu/libX11-xcb.so.1.0.0
7f5594ab2000-7f5594cb1000 ---p 00001000 08:16 533126                     /usr/lib/x86_64-linux-gnu/libX11-xcb.so.1.0.0
7f5594cb1000-7f5594cb2000 r--p 00000000 08:16 533126                     /usr/lib/x86_64-linux-gnu/libX11-xcb.so.1.0.0
7f5594cb2000-7f5594cb3000 rw-p 00001000 08:16 533126                     /usr/lib/x86_64-linux-gnu/libX11-xcb.so.1.0.0
7f5594cb3000-7f5594cb5000 r-xp 00000000 08:16 533141                     /usr/lib/x86_64-linux-gnu/libXdamage.so.1.1.0
7f5594cb5000-7f5594eb4000 ---p 00002000 08:16 533141                     /usr/lib/x86_64-linux-gnu/libXdamage.so.1.1.0
7f5594eb4000-7f5594eb5000 r--p 00001000 08:16 533141                     /usr/lib/x86_64-linux-gnu/libXdamage.so.1.1.0
7f5594eb5000-7f5594eb6000 rw-p 00002000 08:16 533141                     /usr/lib/x86_64-linux-gnu/libXdamage.so.1.1.0
7f5594eb6000-7f5594eda000 r-xp 00000000 08:16 533471                     /usr/lib/x86_64-linux-gnu/libglapi.so.0.0.0
7f5594eda000-7f55950da000 ---p 00024000 08:16 533471                     /usr/lib/x86_64-linux-gnu/libglapi.so.0.0.0
7f55950da000-7f55950dd000 r--p 00024000 08:16 533471                     /usr/lib/x86_64-linux-gnu/libglapi.so.0.0.0
7f55950dd000-7f55950de000 rw-p 00027000 08:16 533471                     /usr/lib/x86_64-linux-gnu/libglapi.so.0.0.0
7f55950de000-7f55950df000 rw-p 00000000 00:00 0 
7f55950df000-7f5595106000 r-xp 00000000 08:16 3014755                    /lib/x86_64-linux-gnu/libexpat.so.1.6.0
7f5595106000-7f5595306000 ---p 00027000 08:16 3014755                    /lib/x86_64-linux-gnu/libexpat.so.1.6.0
7f5595306000-7f5595308000 r--p 00027000 08:16 3014755                    /lib/x86_64-linux-gnu/libexpat.so.1.6.0
7f5595308000-7f5595309000 rw-p 00029000 08:16 3014755                    /lib/x86_64-linux-gnu/libexpat.so.1.6.0
7f5595309000-7f5595395000 r-xp 00000000 08:16 661205                     /usr/lib/x86_64-linux-gnu/mesa/libGL.so.1.2.0
7f5595395000-7f5595594000 ---p 0008c000 08:16 661205                     /usr/lib/x86_64-linux-gnu/mesa/libGL.so.1.2.0
7f5595594000-7f5595597000 r--p 0008b000 08:16 661205                     /usr/lib/x86_64-linux-gnu/mesa/libGL.so.1.2.0
7f5595597000-7f5595598000 rw-p 0008e000 08:16 661205                     /usr/lib/x86_64-linux-gnu/mesa/libGL.so.1.2.0
7f5595598000-7f5595799000 rw-p 00000000 00:00 0 
7f5595799000-7f5595999000 rw-p 00000000 00:00 0 
7f5595999000-7f55959a0000 r-xp 00000000 08:16 2752853                    /tmp/jogamp_0000/file_cache/jln7747064896183298163/jln1257906839953748732/libnativewindow_x11.so
7f55959a0000-7f5595b9f000 ---p 00007000 08:16 2752853                    /tmp/jogamp_0000/file_cache/jln7747064896183298163/jln1257906839953748732/libnativewindow_x11.so
7f5595b9f000-7f5595ba0000 rw-p 00006000 08:16 2752853                    /tmp/jogamp_0000/file_cache/jln7747064896183298163/jln1257906839953748732/libnativewindow_x11.so
7f5595ba0000-7f5595ba4000 r-xp 00000000 08:16 533181                     /usr/lib/x86_64-linux-gnu/libXxf86vm.so.1.0.0
7f5595ba4000-7f5595da4000 ---p 00004000 08:16 533181                     /usr/lib/x86_64-linux-gnu/libXxf86vm.so.1.0.0
7f5595da4000-7f5595da5000 r--p 00004000 08:16 533181                     /usr/lib/x86_64-linux-gnu/libXxf86vm.so.1.0.0
7f5595da5000-7f5595da6000 rw-p 00005000 08:16 533181                     /usr/lib/x86_64-linux-gnu/libXxf86vm.so.1.0.0
7f5595da6000-7f5595da8000 r-xp 00000000 08:16 2752852                    /tmp/jogamp_0000/file_cache/jln7747064896183298163/jln1257906839953748732/libnativewindow_awt.so
7f5595da8000-7f5595fa7000 ---p 00002000 08:16 2752852                    /tmp/jogamp_0000/file_cache/jln7747064896183298163/jln1257906839953748732/libnativewindow_awt.so
7f5595fa7000-7f5595fa8000 rw-p 00001000 08:16 2752852                    /tmp/jogamp_0000/file_cache/jln7747064896183298163/jln1257906839953748732/libnativewindow_awt.so
7f5595fa8000-7f5595fa9000 r-xp 00000000 08:16 1052775                    /usr/lib/jvm/java-8-oracle/jre/lib/amd64/libjawt.so
7f5595fa9000-7f55961a8000 ---p 00001000 08:16 1052775                    /usr/lib/jvm/java-8-oracle/jre/lib/amd64/libjawt.so
7f55961a8000-7f55961a9000 rw-p 00000000 08:16 1052775                    /usr/lib/jvm/java-8-oracle/jre/lib/amd64/libjawt.so
7f55961a9000-7f55961ab000 r-xp 00000000 08:16 2752849                    /tmp/jogamp_0000/file_cache/jln7747064896183298163/jln1257906839953748732/libgluegen-rt.so
7f55961ab000-7f55963aa000 ---p 00002000 08:16 2752849                    /tmp/jogamp_0000/file_cache/jln7747064896183298163/jln1257906839953748732/libgluegen-rt.so
7f55963aa000-7f55963ab000 rw-p 00001000 08:16 2752849                    /tmp/jogamp_0000/file_cache/jln7747064896183298163/jln1257906839953748732/libgluegen-rt.so
7f55963ab000-7f55963ae000 ---p 00000000 00:00 0 
7f55963ae000-7f55966ac000 rw-p 00000000 00:00 0                          [stack:7182]
7f55966ac000-7f55966af000 ---p 00000000 00:00 0 
7f55966af000-7f55969ad000 rw-p 00000000 00:00 0                          [stack:7172]
7f55969ad000-7f55969b0000 ---p 00000000 00:00 0 
7f55969b0000-7f5596aae000 rw-p 00000000 00:00 0 
7f5596aae000-7f5596b17000 r-xp 00000000 08:16 1052833                    /usr/lib/jvm/java-8-oracle/jre/lib/amd64/libt2k.so
7f5596b17000-7f5596d17000 ---p 00069000 08:16 1052833                    /usr/lib/jvm/java-8-oracle/jre/lib/amd64/libt2k.so
7f5596d17000-7f5596d1e000 rw-p 00069000 08:16 1052833                    /usr/lib/jvm/java-8-oracle/jre/lib/amd64/libt2k.so
7f5596d1e000-7f5596d2e000 rw-p 00000000 00:00 0 
7f5596d2e000-7f5596d3f000 r-xp 00000000 08:16 1052786                    /usr/lib/jvm/java-8-oracle/jre/lib/amd64/libnio.so
7f5596d3f000-7f5596f3e000 ---p 00011000 08:16 1052786                    /usr/lib/jvm/java-8-oracle/jre/lib/amd64/libnio.so
7f5596f3e000-7f5596f3f000 rw-p 00010000 08:16 1052786                    /usr/lib/jvm/java-8-oracle/jre/lib/amd64/libnio.so
7f5596f3f000-7f5596f55000 r-xp 00000000 08:16 1052798                    /usr/lib/jvm/java-8-oracle/jre/lib/amd64/libnet.so
7f5596f55000-7f5597155000 ---p 00016000 08:16 1052798                    /usr/lib/jvm/java-8-oracle/jre/lib/amd64/libnet.so
7f5597155000-7f5597156000 rw-p 00016000 08:16 1052798                    /usr/lib/jvm/java-8-oracle/jre/lib/amd64/libnet.so
7f5597156000-7f5597159000 ---p 00000000 00:00 0 
7f5597159000-7f5597257000 rw-p 00000000 00:00 0                          [stack:7167]
7f5597257000-7f559725a000 ---p 00000000 00:00 0 
7f559725a000-7f5597358000 rw-p 00000000 00:00 0                          [stack:7166]
7f5597358000-7f559735b000 ---p 00000000 00:00 0 
7f559735b000-7f5597459000 rw-p 00000000 00:00 0                          [stack:7165]
7f5597459000-7f559745c000 ---p 00000000 00:00 0 
7f559745c000-7f559755a000 rw-p 00000000 00:00 0                          [stack:7163]
7f559755a000-7f559755f000 r-xp 00000000 08:16 527511                     /usr/lib/x86_64-linux-gnu/libXfixes.so.3.1.0
7f559755f000-7f559775e000 ---p 00005000 08:16 527511                     /usr/lib/x86_64-linux-gnu/libXfixes.so.3.1.0
7f559775e000-7f559775f000 r--p 00004000 08:16 527511                     /usr/lib/x86_64-linux-gnu/libXfixes.so.3.1.0
7f559775f000-7f5597760000 rw-p 00005000 08:16 527511                     /usr/lib/x86_64-linux-gnu/libXfixes.so.3.1.0
7f5597760000-7f5597769000 r-xp 00000000 08:16 533139                     /usr/lib/x86_64-linux-gnu/libXcursor.so.1.0.2
7f5597769000-7f5597968000 ---p 00009000 08:16 533139                     /usr/lib/x86_64-linux-gnu/libXcursor.so.1.0.2
7f5597968000-7f5597969000 r--p 00008000 08:16 533139                     /usr/lib/x86_64-linux-gnu/libXcursor.so.1.0.2
7f5597969000-7f559796a000 rw-p 00009000 08:16 533139                     /usr/lib/x86_64-linux-gnu/libXcursor.so.1.0.2
7f559796a000-7f5597980000 r-xp 00000000 08:16 3018807                    /lib/x86_64-linux-gnu/libgcc_s.so.1
7f5597980000-7f5597b7f000 ---p 00016000 08:16 3018807                    /lib/x86_64-linux-gnu/libgcc_s.so.1
7f5597b7f000-7f5597b80000 rw-p 00015000 08:16 3018807                    /lib/x86_64-linux-gnu/libgcc_s.so.1
7f5597b80000-7f5597be5000 r-xp 00000000 08:16 1052782                    /usr/lib/jvm/java-8-oracle/jre/lib/amd64/libfontmanager.so
7f5597be5000-7f5597de5000 ---p 00065000 08:16 1052782                    /usr/lib/jvm/java-8-oracle/jre/lib/amd64/libfontmanager.so
7f5597de5000-7f5597de9000 rw-p 00065000 08:16 1052782                    /usr/lib/jvm/java-8-oracle/jre/lib/amd64/libfontmanager.so
7f5597de9000-7f5597dfa000 rw-p 00000000 00:00 0 
7f5597dfa000-7f5597dff000 r-xp 00000000 08:16 533143                     /usr/lib/x86_64-linux-gnu/libXdmcp.so.6.0.0
7f5597dff000-7f5597ffe000 ---p 00005000 08:16 533143                     /usr/lib/x86_64-linux-gnu/libXdmcp.so.6.0.0
7f5597ffe000-7f5597fff000 r--p 00004000 08:16 533143                     /usr/lib/x86_64-linux-gnu/libXdmcp.so.6.0.0
7f5597fff000-7f5598000000 rw-p 00005000 08:16 533143                     /usr/lib/x86_64-linux-gnu/libXdmcp.so.6.0.0
7f5598000000-7f5598567000 rw-p 00000000 00:00 0 
7f5598567000-7f559c000000 ---p 00000000 00:00 0 
7f559c000000-7f559c03d000 rw-p 00000000 00:00 0 
7f559c03d000-7f55a0000000 ---p 00000000 00:00 0 
7f55a0000000-7f55a0088000 rw-p 00000000 00:00 0 
7f55a0088000-7f55a4000000 ---p 00000000 00:00 0 
7f55a4000000-7f55a4ab3000 rw-p 00000000 00:00 0 
7f55a4ab3000-7f55a8000000 ---p 00000000 00:00 0 
7f55a8000000-7f55a8021000 rw-p 00000000 00:00 0 
7f55a8021000-7f55ac000000 ---p 00000000 00:00 0 
7f55ac000000-7f55ac091000 rw-p 00000000 00:00 0 
7f55ac091000-7f55b0000000 ---p 00000000 00:00 0 
7f55b0000000-7f55b00b7000 rw-p 00000000 00:00 0 
7f55b00b7000-7f55b4000000 ---p 00000000 00:00 0 
7f55b4000000-7f55b4043000 rw-p 00000000 00:00 0 
7f55b4043000-7f55b8000000 ---p 00000000 00:00 0 
7f55b8003000-7f55b8004000 r--s 00000000 08:16 663157                     /var/cache/fontconfig/e7071f4a29fa870f4323321c154eba04-le64.cache-4
7f55b8004000-7f55b8005000 r--s 00000000 08:16 663118                     /var/cache/fontconfig/0d8c3b2ac0904cb8a57a757ad11a4a08-le64.cache-4
7f55b8005000-7f55b800c000 r--s 00000000 08:16 663143                     /var/cache/fontconfig/a755afe4a08bf5b97852ceb7400b47bc-le64.cache-4
7f55b800c000-7f55b800d000 r--s 00000000 08:16 663121                     /var/cache/fontconfig/1ac9eb803944fde146138c791f5cc56a-le64.cache-4
7f55b800d000-7f55b8011000 r--s 00000000 08:16 663125                     /var/cache/fontconfig/385c0604a188198f04d133e54aba7fe7-le64.cache-4
7f55b8011000-7f55b8012000 r--s 00000000 08:16 663154                     /var/cache/fontconfig/dc05db6664285cc2f12bf69c139ae4c3-le64.cache-4
7f55b8012000-7f55b8016000 r--s 00000000 08:16 657939                     /var/cache/fontconfig/7b79abe4499501fcd4e4826394083a53-le64.cache-4
7f55b8016000-7f55b8019000 r--s 00000000 08:16 657938                     /var/cache/fontconfig/3a9914ff62a69b32234685a84fdc926d-le64.cache-4
7f55b8019000-7f55b801b000 r--s 00000000 08:16 663136                     /var/cache/fontconfig/767a8244fc0220cfb567a839d0392e0b-le64.cache-4
7f55b801b000-7f55b801c000 r--s 00000000 08:16 657937                     /var/cache/fontconfig/0b41ebd278d9388cf5d83f81d476c672-le64.cache-4
7f55b801c000-7f55b8020000 r--s 00000000 08:16 657936                     /var/cache/fontconfig/ea32c683f96734b73b6a7acf745d6442-le64.cache-4
7f55b8020000-7f55b8025000 r--s 00000000 08:16 663139                     /var/cache/fontconfig/8801497958630a81b71ace7c5f9b32a8-le64.cache-4
7f55b8025000-7f55b8026000 r--s 00000000 08:16 657935                     /var/cache/fontconfig/b036df7bbb72844893df6bcf5570ea7f-le64.cache-4
7f55b8026000-7f55b8027000 r--s 00000000 08:16 657934                     /var/cache/fontconfig/575107dd7452b4b2b2b1361909925bb4-le64.cache-4
7f55b8027000-7f55b802e000 r--s 00000000 08:16 663123                     /var/cache/fontconfig/3047814df9a2f067bd2d96a2b9c36e5a-le64.cache-4
7f55b802e000-7f55b802f000 r--s 00000000 08:16 663129                     /var/cache/fontconfig/56cf4f4769d0f4abc89a4895d7bd3ae1-le64.cache-4
7f55b802f000-7f55b8031000 r--s 00000000 08:16 657933                     /var/cache/fontconfig/12888573d3e05bfbe41d0040af4efeaa-le64.cache-4
7f55b8031000-7f55b8032000 r--s 00000000 08:16 663147                     /var/cache/fontconfig/b9d506c9ac06c20b433354fa67a72993-le64.cache-4
7f55b8032000-7f55b8038000 r--s 00000000 08:16 663146                     /var/cache/fontconfig/b47c4e1ecd0709278f4910c18777a504-le64.cache-4
7f55b8038000-7f55b8039000 r--s 00000000 08:16 657932                     /var/cache/fontconfig/0b3f2427388044a01a5738fa4b8cc9d1-le64.cache-4
7f55b8039000-7f55b804c000 r--s 00000000 08:16 663151                     /var/cache/fontconfig/d52a8644073d54c13679302ca1180695-le64.cache-4
7f55b804c000-7f55b8055000 r--s 00000000 08:16 657930                     /var/cache/fontconfig/3f7329c5293ffd510edef78f73874cfd-le64.cache-4
7f55b8055000-7f55b80d5000 rw-s 13ca5f000 00:05 1307                      /dev/dri/card0
7f55b80d5000-7f55b80d8000 ---p 00000000 00:00 0 
7f55b80d8000-7f55b81d6000 rw-p 00000000 00:00 0                          [stack:7162]
7f55b81d6000-7f55b81d8000 r-xp 00000000 08:16 533132                     /usr/lib/x86_64-linux-gnu/libXau.so.6.0.0
7f55b81d8000-7f55b83d8000 ---p 00002000 08:16 533132                     /usr/lib/x86_64-linux-gnu/libXau.so.6.0.0
7f55b83d8000-7f55b83d9000 r--p 00002000 08:16 533132                     /usr/lib/x86_64-linux-gnu/libXau.so.6.0.0
7f55b83d9000-7f55b83da000 rw-p 00003000 08:16 533132                     /usr/lib/x86_64-linux-gnu/libXau.so.6.0.0
7f55b83da000-7f55b83f7000 r-xp 00000000 08:16 534124                     /usr/lib/x86_64-linux-gnu/libxcb.so.1.1.0
7f55b83f7000-7f55b85f7000 ---p 0001d000 08:16 534124                     /usr/lib/x86_64-linux-gnu/libxcb.so.1.1.0
7f55b85f7000-7f55b85f8000 r--p 0001d000 08:16 534124                     /usr/lib/x86_64-linux-gnu/libxcb.so.1.1.0
7f55b85f8000-7f55b85f9000 rw-p 0001e000 08:16 534124                     /usr/lib/x86_64-linux-gnu/libxcb.so.1.1.0
7f55b85f9000-7f55b8608000 r-xp 00000000 08:16 533153                     /usr/lib/x86_64-linux-gnu/libXi.so.6.1.0
7f55b8608000-7f55b8807000 ---p 0000f000 08:16 533153                     /usr/lib/x86_64-linux-gnu/libXi.so.6.1.0
7f55b8807000-7f55b8808000 r--p 0000e000 08:16 533153                     /usr/lib/x86_64-linux-gnu/libXi.so.6.1.0
7f55b8808000-7f55b8809000 rw-p 0000f000 08:16 533153                     /usr/lib/x86_64-linux-gnu/libXi.so.6.1.0
7f55b8809000-7f55b880e000 r-xp 00000000 08:16 533171                     /usr/lib/x86_64-linux-gnu/libXtst.so.6.1.0
7f55b880e000-7f55b8a0d000 ---p 00005000 08:16 533171                     /usr/lib/x86_64-linux-gnu/libXtst.so.6.1.0
7f55b8a0d000-7f55b8a0e000 r--p 00004000 08:16 533171                     /usr/lib/x86_64-linux-gnu/libXtst.so.6.1.0
7f55b8a0e000-7f55b8a0f000 rw-p 00005000 08:16 533171                     /usr/lib/x86_64-linux-gnu/libXtst.so.6.1.0
7f55b8a0f000-7f55b8a18000 r-xp 00000000 08:16 524744                     /usr/lib/x86_64-linux-gnu/libXrender.so.1.3.0
7f55b8a18000-7f55b8c17000 ---p 00009000 08:16 524744                     /usr/lib/x86_64-linux-gnu/libXrender.so.1.3.0
7f55b8c17000-7f55b8c18000 r--p 00008000 08:16 524744                     /usr/lib/x86_64-linux-gnu/libXrender.so.1.3.0
7f55b8c18000-7f55b8c19000 rw-p 00009000 08:16 524744                     /usr/lib/x86_64-linux-gnu/libXrender.so.1.3.0
7f55b8c19000-7f55b8d49000 r-xp 00000000 08:16 533128                     /usr/lib/x86_64-linux-gnu/libX11.so.6.3.0
7f55b8d49000-7f55b8f49000 ---p 00130000 08:16 533128                     /usr/lib/x86_64-linux-gnu/libX11.so.6.3.0
7f55b8f49000-7f55b8f4a000 r--p 00130000 08:16 533128                     /usr/lib/x86_64-linux-gnu/libX11.so.6.3.0
7f55b8f4a000-7f55b8f4e000 rw-p 00131000 08:16 533128                     /usr/lib/x86_64-linux-gnu/libX11.so.6.3.0
7f55b8f4e000-7f55b8f5f000 r-xp 00000000 08:16 525343                     /usr/lib/x86_64-linux-gnu/libXext.so.6.4.0
7f55b8f5f000-7f55b915e000 ---p 00011000 08:16 525343                     /usr/lib/x86_64-linux-gnu/libXext.so.6.4.0
7f55b915e000-7f55b915f000 r--p 00010000 08:16 525343                     /usr/lib/x86_64-linux-gnu/libXext.so.6.4.0
7f55b915f000-7f55b9160000 rw-p 00011000 08:16 525343                     /usr/lib/x86_64-linux-gnu/libXext.so.6.4.0
7f55b9160000-7f55b91b4000 r-xp 00000000 08:16 1052794                    /usr/lib/jvm/java-8-oracle/jre/lib/amd64/libawt_xawt.so
7f55b91b4000-7f55b93b4000 ---p 00054000 08:16 1052794                    /usr/lib/jvm/java-8-oracle/jre/lib/amd64/libawt_xawt.so
7f55b93b4000-7f55b93b8000 rw-p 00054000 08:16 1052794                    /usr/lib/jvm/java-8-oracle/jre/lib/amd64/libawt_xawt.so
7f55b93b8000-7f55b93b9000 rw-p 00000000 00:00 0 
7f55b93b9000-7f55b945b000 r-xp 00000000 08:16 1052784                    /usr/lib/jvm/java-8-oracle/jre/lib/amd64/libawt.so
7f55b945b000-7f55b965b000 ---p 000a2000 08:16 1052784                    /usr/lib/jvm/java-8-oracle/jre/lib/amd64/libawt.so
7f55b965b000-7f55b9667000 rw-p 000a2000 08:16 1052784                    /usr/lib/jvm/java-8-oracle/jre/lib/amd64/libawt.so
7f55b9667000-7f55b968b000 rw-p 00000000 00:00 0 
7f55b968b000-7f55b968c000 ---p 00000000 00:00 0 
7f55b968c000-7f55b978c000 rw-p 00000000 00:00 0                          [stack:7160]
7f55b978c000-7f55b978f000 ---p 00000000 00:00 0 
7f55b978f000-7f55b988d000 rw-p 00000000 00:00 0                          [stack:7159]
7f55b988d000-7f55b9890000 ---p 00000000 00:00 0 
7f55b9890000-7f55b998e000 rw-p 00000000 00:00 0                          [stack:7158]
7f55b998e000-7f55b9991000 ---p 00000000 00:00 0 
7f55b9991000-7f55b9a8f000 rw-p 00000000 00:00 0                          [stack:7157]
7f55b9a8f000-7f55b9a92000 ---p 00000000 00:00 0 
7f55b9a92000-7f55b9b90000 rw-p 00000000 00:00 0                          [stack:7156]
7f55b9b90000-7f55ba36b000 r--p 00000000 08:16 528616                     /usr/lib/locale/locale-archive
7f55ba36b000-7f55ba36e000 ---p 00000000 00:00 0 
7f55ba36e000-7f55ba46c000 rw-p 00000000 00:00 0                          [stack:7155]
7f55ba46c000-7f55ba46f000 ---p 00000000 00:00 0 
7f55ba46f000-7f55ba56d000 rw-p 00000000 00:00 0                          [stack:7154]
7f55ba56d000-7f55ba56e000 ---p 00000000 00:00 0 
7f55ba56e000-7f55bc000000 rw-p 00000000 00:00 0                          [stack:7153]
7f55bc000000-7f55bc021000 rw-p 00000000 00:00 0 
7f55bc021000-7f55c0000000 ---p 00000000 00:00 0 
7f55c0000000-7f55c0001000 r--s 00000000 08:16 657931                     /var/cache/fontconfig/0941b6d3777f1e64883d36fd6d84a52f-le64.cache-4
7f55c0001000-7f55c0005000 r--s 00000000 08:16 663152                     /var/cache/fontconfig/d589a48862398ed80a3d6066f4f56f4c-le64.cache-4
7f55c0005000-7f55c0007000 r--s 00000000 08:16 657929                     /var/cache/fontconfig/e8d703157d3641d20c7e900be2e8d091-le64.cache-4
7f55c0007000-7f55c000c000 r--s 00000000 08:16 663145                     /var/cache/fontconfig/b25010134a2e462c779c1c1d5ccbff7b-le64.cache-4
7f55c000c000-7f55c000e000 r--s 00000000 08:16 657928                     /var/cache/fontconfig/6a6dfed4a7d1e4367ef225093de82110-le64.cache-4
7f55c000e000-7f55c000f000 r--s 00000000 08:16 663117                     /var/cache/fontconfig/0c9eb80ebd1c36541ebe2852d3bb0c49-le64.cache-4
7f55c000f000-7f55c0010000 r--s 00000000 08:16 657926                     /var/cache/fontconfig/0506017f1240826ed812c3e90c95875e-le64.cache-4
7f55c0010000-7f55c001d000 r--s 00000000 08:16 661760                     /var/cache/fontconfig/e13b20fdb08344e0e664864cc2ede53d-le64.cache-4
7f55c001d000-7f55c0021000 r--s 00000000 08:16 657802                     /var/cache/fontconfig/7ef2298fde41cc6eeb7af42e48b7d293-le64.cache-4
7f55c0051000-7f55c0052000 rw-p 00000000 00:00 0 
7f55c0052000-7f55c0072000 rw-s 147964000 00:05 1307                      /dev/dri/card0
7f55c0072000-7f55c0076000 rw-s 141b9c000 00:05 1307                      /dev/dri/card0
7f55c0076000-7f55c007a000 rw-s 140614000 00:05 1307                      /dev/dri/card0
7f55c007a000-7f55c007c000 rw-s 14125a000 00:05 1307                      /dev/dri/card0
7f55c007c000-7f55c007d000 rw-s 13fb8b000 00:05 1307                      /dev/dri/card0
7f55c007d000-7f55c007e000 rw-s 13d147000 00:05 1307                      /dev/dri/card0
7f55c007e000-7f55c007f000 rwxp 00000000 00:00 0 
7f55c007f000-7f55c0080000 rw-s 13cc5f000 00:05 1307                      /dev/dri/card0
7f55c0080000-7f55c0083000 ---p 00000000 00:00 0 
7f55c0083000-7f55c00b9000 rw-p 00000000 00:00 0                          [stack:7177]
7f55c00b9000-7f55c00ba000 r--p 00000000 00:00 0 
7f55c00ba000-7f55c00bf000 r--s 00096000 08:16 930727                     /usr/lib/jvm/java-8-oracle/jre/lib/jsse.jar
7f55c00bf000-7f55c00c4000 r--s 00309000 08:16 3675974                    /home/max/Development/Java/eclipse_workspace/AirportsMap/libs/sqlite-jdbc-3.7.2.jar
7f55c00c4000-7f55c00cb000 r--s 00059000 08:16 3675973                    /home/max/Development/Java/eclipse_workspace/AirportsMap/libs/log4j-1.2.15.jar
7f55c00cb000-7f55c00cc000 r--s 00005000 08:16 3675972                    /home/max/Development/Java/eclipse_workspace/AirportsMap/libs/libTUIO.jar
7f55c00cc000-7f55c00cd000 r--s 0002d000 08:16 3675971                    /home/max/Development/Java/eclipse_workspace/AirportsMap/libs/jogl-all-natives-windows-i586.jar
7f55c00cd000-7f55c00cf000 r--s 00034000 08:16 3675970                    /home/max/Development/Java/eclipse_workspace/AirportsMap/libs/jogl-all-natives-windows-amd64.jar
7f55c00cf000-7f55c00d0000 r--s 00064000 08:16 3675969                    /home/max/Development/Java/eclipse_workspace/AirportsMap/libs/jogl-all-natives-macosx-universal.jar
7f55c00d0000-7f55c00f3000 r--s 002ec000 08:16 3675965                    /home/max/Development/Java/eclipse_workspace/AirportsMap/libs/jogl-all.jar
7f55c00f3000-7f55c00f9000 r--s 00041000 08:16 3675958                    /home/max/Development/Java/eclipse_workspace/AirportsMap/libs/gluegen-rt.jar
7f55c00f9000-7f55c1000000 rw-p 00000000 00:00 0 
7f55c1000000-7f55c18c0000 rwxp 00000000 00:00 0 
7f55c18c0000-7f55d0000000 ---p 00000000 00:00 0 
7f55d0000000-7f55d0318000 rw-p 00000000 00:00 0 
7f55d0318000-7f55d4000000 ---p 00000000 00:00 0 
7f55d4000000-7f55d4001000 r--s 0002d000 08:16 3675968                    /home/max/Development/Java/eclipse_workspace/AirportsMap/libs/jogl-all-natives-linux-i586.jar
7f55d4001000-7f55d4002000 r--s 00023000 08:16 3675967                    /home/max/Development/Java/eclipse_workspace/AirportsMap/libs/jogl-all-natives-linux-armv6hf.jar
7f55d4002000-7f55d4003000 r--s 0002f000 08:16 3675966                    /home/max/Development/Java/eclipse_workspace/AirportsMap/libs/jogl-all-natives-linux-amd64.jar
7f55d4003000-7f55d4009000 r--s 00033000 08:16 3675884                    /home/max/Development/Java/eclipse_workspace/AirportsMap/libs/unfolding.0.9.7-uscd.jar
7f55d4009000-7f55d406c000 rw-p 00000000 00:00 0 
7f55d406c000-7f55d4245000 r--s 03d20000 08:16 930842                     /usr/lib/jvm/java-8-oracle/jre/lib/rt.jar
7f55d4245000-7f55d4434000 rw-p 00000000 00:00 0 
7f55d4434000-7f55d4435000 ---p 00000000 00:00 0 
7f55d4435000-7f55d4535000 rw-p 00000000 00:00 0                          [stack:7152]
7f55d4535000-7f55d4536000 ---p 00000000 00:00 0 
7f55d4536000-7f55d4675000 rw-p 00000000 00:00 0                          [stack:7151]
7f55d4675000-7f55d4732000 ---p 00000000 00:00 0 
7f55d4732000-7f55d4771000 rw-p 00000000 00:00 0 
7f55d4771000-7f55d482d000 ---p 00000000 00:00 0 
7f55d482d000-7f55d489e000 rw-p 00000000 00:00 0 
7f55d489e000-7f55d48ab000 ---p 00000000 00:00 0 
7f55d48ab000-7f55d48cf000 rw-p 00000000 00:00 0 
7f55d48cf000-7f55d4c6c000 ---p 00000000 00:00 0 
7f55d4c6c000-7f55d4c86000 r-xp 00000000 08:16 1052791                    /usr/lib/jvm/java-8-oracle/jre/lib/amd64/libzip.so
7f55d4c86000-7f55d4e86000 ---p 0001a000 08:16 1052791                    /usr/lib/jvm/java-8-oracle/jre/lib/amd64/libzip.so
7f55d4e86000-7f55d4e87000 rw-p 0001a000 08:16 1052791                    /usr/lib/jvm/java-8-oracle/jre/lib/amd64/libzip.so
7f55d4e87000-7f55d4e92000 r-xp 00000000 08:16 3018855                    /lib/x86_64-linux-gnu/libnss_files-2.19.so
7f55d4e92000-7f55d5091000 ---p 0000b000 08:16 3018855                    /lib/x86_64-linux-gnu/libnss_files-2.19.so
7f55d5091000-7f55d5092000 r--p 0000a000 08:16 3018855                    /lib/x86_64-linux-gnu/libnss_files-2.19.so
7f55d5092000-7f55d5093000 rw-p 0000b000 08:16 3018855                    /lib/x86_64-linux-gnu/libnss_files-2.19.so
7f55d5093000-7f55d509e000 r-xp 00000000 08:16 3018865                    /lib/x86_64-linux-gnu/libnss_nis-2.19.so
7f55d509e000-7f55d529d000 ---p 0000b000 08:16 3018865                    /lib/x86_64-linux-gnu/libnss_nis-2.19.so
7f55d529d000-7f55d529e000 r--p 0000a000 08:16 3018865                    /lib/x86_64-linux-gnu/libnss_nis-2.19.so
7f55d529e000-7f55d529f000 rw-p 0000b000 08:16 3018865                    /lib/x86_64-linux-gnu/libnss_nis-2.19.so
7f55d529f000-7f55d52b6000 r-xp 00000000 08:16 3018849                    /lib/x86_64-linux-gnu/libnsl-2.19.so
7f55d52b6000-7f55d54b5000 ---p 00017000 08:16 3018849                    /lib/x86_64-linux-gnu/libnsl-2.19.so
7f55d54b5000-7f55d54b6000 r--p 00016000 08:16 3018849                    /lib/x86_64-linux-gnu/libnsl-2.19.so
7f55d54b6000-7f55d54b7000 rw-p 00017000 08:16 3018849                    /lib/x86_64-linux-gnu/libnsl-2.19.so
7f55d54b7000-7f55d54b9000 rw-p 00000000 00:00 0 
7f55d54b9000-7f55d54c2000 r-xp 00000000 08:16 3018851                    /lib/x86_64-linux-gnu/libnss_compat-2.19.so
7f55d54c2000-7f55d56c1000 ---p 00009000 08:16 3018851                    /lib/x86_64-linux-gnu/libnss_compat-2.19.so
7f55d56c1000-7f55d56c2000 r--p 00008000 08:16 3018851                    /lib/x86_64-linux-gnu/libnss_compat-2.19.so
7f55d56c2000-7f55d56c3000 rw-p 00009000 08:16 3018851                    /lib/x86_64-linux-gnu/libnss_compat-2.19.so
7f55d56c3000-7f55d56ed000 r-xp 00000000 08:16 1052821                    /usr/lib/jvm/java-8-oracle/jre/lib/amd64/libjava.so
7f55d56ed000-7f55d58ed000 ---p 0002a000 08:16 1052821                    /usr/lib/jvm/java-8-oracle/jre/lib/amd64/libjava.so
7f55d58ed000-7f55d58ef000 rw-p 0002a000 08:16 1052821                    /usr/lib/jvm/java-8-oracle/jre/lib/amd64/libjava.so
7f55d58ef000-7f55d58fc000 r-xp 00000000 08:16 1052788                    /usr/lib/jvm/java-8-oracle/jre/lib/amd64/libverify.so
7f55d58fc000-7f55d5afc000 ---p 0000d000 08:16 1052788                    /usr/lib/jvm/java-8-oracle/jre/lib/amd64/libverify.so
7f55d5afc000-7f55d5afe000 rw-p 0000d000 08:16 1052788                    /usr/lib/jvm/java-8-oracle/jre/lib/amd64/libverify.so
7f55d5afe000-7f55d5b05000 r-xp 00000000 08:16 3018908                    /lib/x86_64-linux-gnu/librt-2.19.so
7f55d5b05000-7f55d5d04000 ---p 00007000 08:16 3018908                    /lib/x86_64-linux-gnu/librt-2.19.so
7f55d5d04000-7f55d5d05000 r--p 00006000 08:16 3018908                    /lib/x86_64-linux-gnu/librt-2.19.so
7f55d5d05000-7f55d5d06000 rw-p 00007000 08:16 3018908                    /lib/x86_64-linux-gnu/librt-2.19.so
7f55d5d06000-7f55d5e0b000 r-xp 00000000 08:16 3018830                    /lib/x86_64-linux-gnu/libm-2.19.so
7f55d5e0b000-7f55d600a000 ---p 00105000 08:16 3018830                    /lib/x86_64-linux-gnu/libm-2.19.so
7f55d600a000-7f55d600b000 r--p 00104000 08:16 3018830                    /lib/x86_64-linux-gnu/libm-2.19.so
7f55d600b000-7f55d600c000 rw-p 00105000 08:16 3018830                    /lib/x86_64-linux-gnu/libm-2.19.so
7f55d600c000-7f55d6cca000 r-xp 00000000 08:16 1187296                    /usr/lib/jvm/java-8-oracle/jre/lib/amd64/server/libjvm.so
7f55d6cca000-7f55d6ec9000 ---p 00cbe000 08:16 1187296                    /usr/lib/jvm/java-8-oracle/jre/lib/amd64/server/libjvm.so
7f55d6ec9000-7f55d6fa2000 rw-p 00cbd000 08:16 1187296                    /usr/lib/jvm/java-8-oracle/jre/lib/amd64/server/libjvm.so
7f55d6fa2000-7f55d6fe6000 rw-p 00000000 00:00 0 
7f55d6fe6000-7f55d71a1000 r-xp 00000000 08:16 3018780                    /lib/x86_64-linux-gnu/libc-2.19.so
7f55d71a1000-7f55d73a0000 ---p 001bb000 08:16 3018780                    /lib/x86_64-linux-gnu/libc-2.19.so
7f55d73a0000-7f55d73a4000 r--p 001ba000 08:16 3018780                    /lib/x86_64-linux-gnu/libc-2.19.so
7f55d73a4000-7f55d73a6000 rw-p 001be000 08:16 3018780                    /lib/x86_64-linux-gnu/libc-2.19.so
7f55d73a6000-7f55d73ab000 rw-p 00000000 00:00 0 
7f55d73ab000-7f55d73ae000 r-xp 00000000 08:16 3018797                    /lib/x86_64-linux-gnu/libdl-2.19.so
7f55d73ae000-7f55d75ad000 ---p 00003000 08:16 3018797                    /lib/x86_64-linux-gnu/libdl-2.19.so
7f55d75ad000-7f55d75ae000 r--p 00002000 08:16 3018797                    /lib/x86_64-linux-gnu/libdl-2.19.so
7f55d75ae000-7f55d75af000 rw-p 00003000 08:16 3018797                    /lib/x86_64-linux-gnu/libdl-2.19.so
7f55d75af000-7f55d75c4000 r-xp 00000000 08:16 539811                     /usr/lib/jvm/java-8-oracle/lib/amd64/jli/libjli.so
7f55d75c4000-7f55d77c4000 ---p 00015000 08:16 539811                     /usr/lib/jvm/java-8-oracle/lib/amd64/jli/libjli.so
7f55d77c4000-7f55d77c5000 rw-p 00015000 08:16 539811                     /usr/lib/jvm/java-8-oracle/lib/amd64/jli/libjli.so
7f55d77c5000-7f55d77de000 r-xp 00000000 08:16 3018900                    /lib/x86_64-linux-gnu/libpthread-2.19.so
7f55d77de000-7f55d79dd000 ---p 00019000 08:16 3018900                    /lib/x86_64-linux-gnu/libpthread-2.19.so
7f55d79dd000-7f55d79de000 r--p 00018000 08:16 3018900                    /lib/x86_64-linux-gnu/libpthread-2.19.so
7f55d79de000-7f55d79df000 rw-p 00019000 08:16 3018900                    /lib/x86_64-linux-gnu/libpthread-2.19.so
7f55d79df000-7f55d79e3000 rw-p 00000000 00:00 0 
7f55d79e3000-7f55d7a06000 r-xp 00000000 08:16 3018756                    /lib/x86_64-linux-gnu/ld-2.19.so
7f55d7a06000-7f55d7a07000 r--s 00001000 08:16 3675964                    /home/max/Development/Java/eclipse_workspace/AirportsMap/libs/gluegen-rt-natives-windows-i586.jar
7f55d7a07000-7f55d7a08000 r--s 00001000 08:16 3675963                    /home/max/Development/Java/eclipse_workspace/AirportsMap/libs/gluegen-rt-natives-windows-amd64.jar
7f55d7a08000-7f55d7a0a000 r--s 00000000 08:16 3675961                    /home/max/Development/Java/eclipse_workspace/AirportsMap/libs/gluegen-rt-natives-linux-i586.jar
7f55d7a0a000-7f55d7aeb000 rw-p 00000000 00:00 0 
7f55d7aeb000-7f55d7aee000 ---p 00000000 00:00 0 
7f55d7aee000-7f55d7bf0000 rw-p 00000000 00:00 0                          [stack:7150]
7f55d7bf0000-7f55d7bf1000 r--s 00001000 08:16 3675962                    /home/max/Development/Java/eclipse_workspace/AirportsMap/libs/gluegen-rt-natives-macosx-universal.jar
7f55d7bf1000-7f55d7bf2000 r--s 00000000 08:16 3675960                    /home/max/Development/Java/eclipse_workspace/AirportsMap/libs/gluegen-rt-natives-linux-armv6hf.jar
7f55d7bf2000-7f55d7bf4000 r--s 00000000 08:16 3675959                    /home/max/Development/Java/eclipse_workspace/AirportsMap/libs/gluegen-rt-natives-linux-amd64.jar
7f55d7bf4000-7f55d7bf5000 r--s 00007000 08:16 3675883                    /home/max/Development/Java/eclipse_workspace/AirportsMap/libs/json4processing.jar
7f55d7bf5000-7f55d7bf9000 r--s 0009a000 08:16 3675882                    /home/max/Development/Java/eclipse_workspace/AirportsMap/libs/core.jar
7f55d7bf9000-7f55d7c01000 rw-s 00000000 08:16 2752841                    /tmp/hsperfdata_max/7145
7f55d7c01000-7f55d7c02000 rw-p 00000000 00:00 0 
7f55d7c02000-7f55d7c03000 r--p 00000000 00:00 0 
7f55d7c03000-7f55d7c05000 rw-p 00000000 00:00 0 
7f55d7c05000-7f55d7c06000 r--p 00022000 08:16 3018756                    /lib/x86_64-linux-gnu/ld-2.19.so
7f55d7c06000-7f55d7c07000 rw-p 00023000 08:16 3018756                    /lib/x86_64-linux-gnu/ld-2.19.so
7f55d7c07000-7f55d7c08000 rw-p 00000000 00:00 0 
7ffdf745a000-7ffdf747b000 rw-p 00000000 00:00 0                          [stack]
7ffdf7575000-7ffdf7577000 r-xp 00000000 00:00 0                          [vdso]
7ffdf7577000-7ffdf7579000 r--p 00000000 00:00 0                          [vvar]
ffffffffff600000-ffffffffff601000 r-xp 00000000 00:00 0                  [vsyscall]

VM Arguments:
jvm_args: -Djava.security.policy=java.policy.applet -Dfile.encoding=UTF-8 
java_command: sun.applet.AppletViewer main.AirportMap1451425389144.html
java_class_path (initial): /home/max/Development/Java/eclipse_workspace/AirportsMap/bin:/home/max/Development/Java/eclipse_workspace/AirportsMap/libs/core.jar:/home/max/Development/Java/eclipse_workspace/AirportsMap/libs/json4processing.jar:/home/max/Development/Java/eclipse_workspace/AirportsMap/libs/unfolding.0.9.7-uscd.jar:/home/max/Development/Java/eclipse_workspace/AirportsMap/libs/gluegen-rt.jar:/home/max/Development/Java/eclipse_workspace/AirportsMap/libs/gluegen-rt-natives-linux-amd64.jar:/home/max/Development/Java/eclipse_workspace/AirportsMap/libs/gluegen-rt-natives-linux-armv6hf.jar:/home/max/Development/Java/eclipse_workspace/AirportsMap/libs/gluegen-rt-natives-linux-i586.jar:/home/max/Development/Java/eclipse_workspace/AirportsMap/libs/gluegen-rt-natives-macosx-universal.jar:/home/max/Development/Java/eclipse_workspace/AirportsMap/libs/gluegen-rt-natives-windows-amd64.jar:/home/max/Development/Java/eclipse_workspace/AirportsMap/libs/gluegen-rt-natives-windows-i586.jar:/home/max/Development/Java/eclipse_workspace/AirportsMap/libs/jogl-all.jar:/home/max/Development/Java/eclipse_workspace/AirportsMap/libs/jogl-all-natives-linux-amd64.jar:/home/max/Development/Java/eclipse_workspace/AirportsMap/libs/jogl-all-natives-linux-armv6hf.jar:/home/max/Development/Java/eclipse_workspace/AirportsMap/libs/jogl-all-natives-linux-i586.jar:/home/max/Development/Java/eclipse_workspace/AirportsMap/libs/jogl-all-natives-macosx-universal.jar:/home/max/Development/Java/eclipse_workspace/AirportsMap/libs/jogl-all-natives-windows-amd64.jar:/home/max/Development/Java/eclipse_workspace/AirportsMap/libs/jogl-all-natives-windows-i586.jar:/home/max/Development/Java/eclipse_workspace/AirportsMap/libs/libTUIO.jar:/home/max/Development/Java/eclipse_workspace/AirportsMap/libs/log4j-1.2.15.jar:/home/max/Development/Java/eclipse_workspace/AirportsMap/libs/sqlite-jdbc-3.7.2.jar
Launcher Type: SUN_STANDARD

Environment Variables:
PATH=/usr/local/sbin:/usr/local/bin:/usr/sbin:/usr/bin:/sbin:/bin:/usr/games:/usr/local/games
SHELL=/bin/bash
DISPLAY=:0

Signal Handlers:
SIGSEGV: [libjvm.so+0xaba2a0], sa_mask[0]=11111111011111111101111111111110, sa_flags=SA_RESTART|SA_SIGINFO
SIGBUS: [libjvm.so+0xaba2a0], sa_mask[0]=11111111011111111101111111111110, sa_flags=SA_RESTART|SA_SIGINFO
SIGFPE: [libjvm.so+0x917710], sa_mask[0]=11111111011111111101111111111110, sa_flags=SA_RESTART|SA_SIGINFO
SIGPIPE: [libjvm.so+0x917710], sa_mask[0]=11111111011111111101111111111110, sa_flags=SA_RESTART|SA_SIGINFO
SIGXFSZ: [libjvm.so+0x917710], sa_mask[0]=11111111011111111101111111111110, sa_flags=SA_RESTART|SA_SIGINFO
SIGILL: [libjvm.so+0x917710], sa_mask[0]=11111111011111111101111111111110, sa_flags=SA_RESTART|SA_SIGINFO
SIGUSR1: SIG_DFL, sa_mask[0]=00000000000000000000000000000000, sa_flags=none
SIGUSR2: [libjvm.so+0x918d40], sa_mask[0]=00100000000000000000000000000000, sa_flags=SA_RESTART|SA_SIGINFO
SIGHUP: [libjvm.so+0x91a140], sa_mask[0]=11111111011111111101111111111110, sa_flags=SA_RESTART|SA_SIGINFO
SIGINT: [libjvm.so+0x91a140], sa_mask[0]=11111111011111111101111111111110, sa_flags=SA_RESTART|SA_SIGINFO
SIGTERM: [libjvm.so+0x91a140], sa_mask[0]=11111111011111111101111111111110, sa_flags=SA_RESTART|SA_SIGINFO
SIGQUIT: [libjvm.so+0x91a140], sa_mask[0]=11111111011111111101111111111110, sa_flags=SA_RESTART|SA_SIGINFO


---------------  S Y S T E M  ---------------

OS:DISTRIB_ID="elementary OS"
DISTRIB_RELEASE=0.3.2
DISTRIB_CODENAME=freya
DISTRIB_DESCRIPTION="elementary OS Freya"

uname:Linux 3.16.0-57-generic #77~14.04.1-Ubuntu SMP Thu Dec 17 23:20:00 UTC 2015 x86_64
libc:glibc 2.19 NPTL 2.19 
rlimit: STACK 8192k, CORE 0k, NPROC 11915, NOFILE 4096, AS infinity
load average:3.10 1.29 0.91

/proc/meminfo:
MemTotal:        3080508 kB
MemFree:           90648 kB
MemAvailable:      90032 kB
Buffers:            2220 kB
Cached:            96988 kB
SwapCached:       180628 kB
Active:          2199720 kB
Inactive:         574328 kB
Active(anon):    2151132 kB
Inactive(anon):   540064 kB
Active(file):      48588 kB
Inactive(file):    34264 kB
Unevictable:          32 kB
Mlocked:              32 kB
SwapTotal:       7167996 kB
SwapFree:        5126216 kB
Dirty:               328 kB
Writeback:             0 kB
AnonPages:       2615744 kB
Mapped:            89528 kB
Shmem:             16216 kB
Slab:              65128 kB
SReclaimable:      28532 kB
SUnreclaim:        36596 kB
KernelStack:       11424 kB
PageTables:        60996 kB
NFS_Unstable:          0 kB
Bounce:                0 kB
WritebackTmp:          0 kB
CommitLimit:     8708248 kB
Committed_AS:   10079076 kB
VmallocTotal:   34359738367 kB
VmallocUsed:      332860 kB
VmallocChunk:   34359339680 kB
HardwareCorrupted:     0 kB
AnonHugePages:   1161216 kB
HugePages_Total:       0
HugePages_Free:        0
HugePages_Rsvd:        0
HugePages_Surp:        0
Hugepagesize:       2048 kB
DirectMap4k:       68480 kB
DirectMap2M:     3076096 kB


CPU:total 2 (2 cores per cpu, 1 threads per core) family 6 model 15 stepping 11, cmov, cx8, fxsr, mmx, sse, sse2, sse3, ssse3, tsc

/proc/cpuinfo:
processor	: 0
vendor_id	: GenuineIntel
cpu family	: 6
model		: 15
model name	: Intel(R) Core(TM)2 Duo CPU     E6550  @ 2.33GHz
stepping	: 11
cpu MHz		: 2380.000
cache size	: 4096 KB
physical id	: 0
siblings	: 2
core id		: 0
cpu cores	: 2
apicid		: 0
initial apicid	: 0
fpu		: yes
fpu_exception	: yes
cpuid level	: 10
wp		: yes
flags		: fpu vme de pse tsc msr pae mce cx8 apic sep mtrr pge mca cmov pat pse36 clflush dts acpi mmx fxsr sse sse2 ss ht tm pbe syscall nx lm constant_tsc arch_perfmon pebs bts rep_good nopl aperfmperf pni dtes64 monitor ds_cpl vmx smx est tm2 ssse3 cx16 xtpr pdcm lahf_lm dtherm tpr_shadow vnmi flexpriority
bogomips	: 4760.14
clflush size	: 64
cache_alignment	: 64
address sizes	: 36 bits physical, 48 bits virtual
power management:

processor	: 1
vendor_id	: GenuineIntel
cpu family	: 6
model		: 15
model name	: Intel(R) Core(TM)2 Duo CPU     E6550  @ 2.33GHz
stepping	: 11
cpu MHz		: 2380.000
cache size	: 4096 KB
physical id	: 0
siblings	: 2
core id		: 1
cpu cores	: 2
apicid		: 1
initial apicid	: 1
fpu		: yes
fpu_exception	: yes
cpuid level	: 10
wp		: yes
flags		: fpu vme de pse tsc msr pae mce cx8 apic sep mtrr pge mca cmov pat pse36 clflush dts acpi mmx fxsr sse sse2 ss ht tm pbe syscall nx lm constant_tsc arch_perfmon pebs bts rep_good nopl aperfmperf pni dtes64 monitor ds_cpl vmx smx est tm2 ssse3 cx16 xtpr pdcm lahf_lm dtherm tpr_shadow vnmi flexpriority
bogomips	: 4760.14
clflush size	: 64
cache_alignment	: 64
address sizes	: 36 bits physical, 48 bits virtual
power management:



Memory: 4k page, physical 3080508k(90648k free), swap 7167996k(5126216k free)

vm_info: Java HotSpot(TM) 64-Bit Server VM (25.66-b17) for linux-amd64 JRE (1.8.0_66-b17), built on Oct  6 2015 17:28:34 by "java_re" with gcc 4.3.0 20080428 (Red Hat 4.3.0-8)

time: Tue Dec 29 23:44:06 2015
elapsed time: 57 seconds (0d 0h 0m 57s)

